[2024-01-30 08:56:19] production.INFO: {"TPE":"7255424","date":"30\/01\/2024_a_08:56:17","montant":"65EUR","reference":"W24325N8M3","texte-libre":null,"code-retour":"paiement","cvx":"oui","vld":"1128","brand":"AM","numauto":"189152","usage":"inconnu","typecompte":"inconnu","ecard":"non","originecb":"FRA","bincb":"374908XX","hpancb":"02E906852B0639BC367C6AE195495A826F4DDFEB","ipclient":"90.48.185.233","originetr":"FRA","cbmasquee":"374908******005","modepaiement":"CB","authentification":"ewogICAiZGV0YWlscyIgOiB7CiAgICAgICJBUmVzIiA6ICJDIiwKICAgICAgIkNSZXMiIDogIlkiLAogICAgICAibGlhYmlsaXR5U2hpZnQiIDogIlkiLAogICAgICAibWVyY2hhbnRQcmVmZXJlbmNlIiA6ICJub19wcmVmZXJlbmNlIiwKICAgICAgInRyYW5zYWN0aW9uSUQiIDogIjY1ZWQ5OTJmLTFjNDQtNDA2Ni1hMTczLTJiOGI2NmVmNDA5YyIKICAgfSwKICAgInByb3RvY29sIiA6ICIzRFNlY3VyZSIsCiAgICJzdGF0dXMiIDogImF1dGhlbnRpY2F0ZWQiLAogICAidmVyc2lvbiIgOiAiMi4xLjAiCn0K","MAC":"1FF9624B3F3F91D98A9B425388DF32D08457C68E"}  
[2024-01-30 09:36:06] production.INFO: {"TPE":"7255424","date":"30\/01\/2024_a_09:36:04","montant":"20EUR","reference":"078R0E562W","texte-libre":null,"code-retour":"paiement","cvx":"oui","vld":"0826","brand":"AM","numauto":"102486","usage":"inconnu","typecompte":"inconnu","ecard":"non","originecb":"FRA","bincb":"374900XX","hpancb":"70B0F4DCEB5766291B16354E2B28FBC6A8764C22","ipclient":"86.213.38.31","originetr":"FRA","cbmasquee":"374900******000","modepaiement":"CB","authentification":"ewogICAiZGV0YWlscyIgOiB7CiAgICAgICJBUmVzIiA6ICJDIiwKICAgICAgIkNSZXMiIDogIlkiLAogICAgICAibGlhYmlsaXR5U2hpZnQiIDogIlkiLAogICAgICAibWVyY2hhbnRQcmVmZXJlbmNlIiA6ICJub19wcmVmZXJlbmNlIiwKICAgICAgInRyYW5zYWN0aW9uSUQiIDogIjQxOWQ0OWVmLWVjMTctNDA4MC05YjczLTdkZDlmNzk3NDY4MyIKICAgfSwKICAgInByb3RvY29sIiA6ICIzRFNlY3VyZSIsCiAgICJzdGF0dXMiIDogImF1dGhlbnRpY2F0ZWQiLAogICAidmVyc2lvbiIgOiAiMi4xLjAiCn0K","MAC":"F4E090304019F69F578B212AF11B2A58B0868ABE"}  
[2024-01-30 09:46:21] production.ERROR: Server error: `GET https://ws.cselignes.com?methode=getcommanddetail&data=%7B%22auth%22:%7B%22id%22:%22PRESENCE%22,%22password%22:%2284IK3DFR%22%7D,%22ref_commande%22:%22UBG-53573458517246%22%7D` resulted in a `500 Internal Server Error` response {"exception":"[object] (GuzzleHttp\\Exception\\ServerException(code: 500): Server error: `GET https://ws.cselignes.com?methode=getcommanddetail&data=%7B%22auth%22:%7B%22id%22:%22PRESENCE%22,%22password%22:%2284IK3DFR%22%7D,%22ref_commande%22:%22UBG-53573458517246%22%7D` resulted in a `500 Internal Server Error` response at /home/xhuv4202/boassur/vendor/guzzlehttp/guzzle/src/Exception/RequestException.php:113)
[stacktrace]
#0 /home/xhuv4202/boassur/vendor/guzzlehttp/guzzle/src/Middleware.php(72): GuzzleHttp\\Exception\\RequestException::create()
#1 /home/xhuv4202/boassur/vendor/guzzlehttp/promises/src/Promise.php(209): GuzzleHttp\\Middleware::GuzzleHttp\\{closure}()
#2 /home/xhuv4202/boassur/vendor/guzzlehttp/promises/src/Promise.php(158): GuzzleHttp\\Promise\\Promise::callHandler()
#3 /home/xhuv4202/boassur/vendor/guzzlehttp/promises/src/TaskQueue.php(52): GuzzleHttp\\Promise\\Promise::GuzzleHttp\\Promise\\{closure}()
#4 /home/xhuv4202/boassur/vendor/guzzlehttp/promises/src/Promise.php(251): GuzzleHttp\\Promise\\TaskQueue->run()
#5 /home/xhuv4202/boassur/vendor/guzzlehttp/promises/src/Promise.php(227): GuzzleHttp\\Promise\\Promise->invokeWaitFn()
#6 /home/xhuv4202/boassur/vendor/guzzlehttp/promises/src/Promise.php(272): GuzzleHttp\\Promise\\Promise->waitIfPending()
#7 /home/xhuv4202/boassur/vendor/guzzlehttp/promises/src/Promise.php(229): GuzzleHttp\\Promise\\Promise->invokeWaitList()
#8 /home/xhuv4202/boassur/vendor/guzzlehttp/promises/src/Promise.php(69): GuzzleHttp\\Promise\\Promise->waitIfPending()
#9 /home/xhuv4202/boassur/vendor/guzzlehttp/guzzle/src/Client.php(189): GuzzleHttp\\Promise\\Promise->wait()
#10 /home/xhuv4202/boassur/app/Http/Controllers/Api/CseController.php(34): GuzzleHttp\\Client->request()
#11 /home/xhuv4202/boassur/vendor/laravel/framework/src/Illuminate/Routing/Controller.php(54): App\\Http\\Controllers\\Api\\CseController->voyage()
#12 /home/xhuv4202/boassur/vendor/laravel/framework/src/Illuminate/Routing/ControllerDispatcher.php(43): Illuminate\\Routing\\Controller->callAction()
#13 /home/xhuv4202/boassur/vendor/laravel/framework/src/Illuminate/Routing/Route.php(260): Illuminate\\Routing\\ControllerDispatcher->dispatch()
#14 /home/xhuv4202/boassur/vendor/laravel/framework/src/Illuminate/Routing/Route.php(205): Illuminate\\Routing\\Route->runController()
#15 /home/xhuv4202/boassur/vendor/laravel/framework/src/Illuminate/Routing/Router.php(798): Illuminate\\Routing\\Route->run()
#16 /home/xhuv4202/boassur/vendor/laravel/framework/src/Illuminate/Pipeline/Pipeline.php(141): Illuminate\\Routing\\Router->Illuminate\\Routing\\{closure}()
#17 /home/xhuv4202/boassur/vendor/laravel/framework/src/Illuminate/Routing/Middleware/SubstituteBindings.php(50): Illuminate\\Pipeline\\Pipeline->Illuminate\\Pipeline\\{closure}()
#18 /home/xhuv4202/boassur/vendor/laravel/framework/src/Illuminate/Pipeline/Pipeline.php(180): Illuminate\\Routing\\Middleware\\SubstituteBindings->handle()
#19 /home/xhuv4202/boassur/vendor/laravel/framework/src/Illuminate/Routing/Middleware/ThrottleRequests.php(126): Illuminate\\Pipeline\\Pipeline->Illuminate\\Pipeline\\{closure}()
#20 /home/xhuv4202/boassur/vendor/laravel/framework/src/Illuminate/Routing/Middleware/ThrottleRequests.php(102): Illuminate\\Routing\\Middleware\\ThrottleRequests->handleRequest()
#21 /home/xhuv4202/boassur/vendor/laravel/framework/src/Illuminate/Routing/Middleware/ThrottleRequests.php(54): Illuminate\\Routing\\Middleware\\ThrottleRequests->handleRequestUsingNamedLimiter()
#22 /home/xhuv4202/boassur/vendor/laravel/framework/src/Illuminate/Pipeline/Pipeline.php(180): Illuminate\\Routing\\Middleware\\ThrottleRequests->handle()
#23 /home/xhuv4202/boassur/vendor/laravel/framework/src/Illuminate/Pipeline/Pipeline.php(116): Illuminate\\Pipeline\\Pipeline->Illuminate\\Pipeline\\{closure}()
#24 /home/xhuv4202/boassur/vendor/laravel/framework/src/Illuminate/Routing/Router.php(799): Illuminate\\Pipeline\\Pipeline->then()
#25 /home/xhuv4202/boassur/vendor/laravel/framework/src/Illuminate/Routing/Router.php(776): Illuminate\\Routing\\Router->runRouteWithinStack()
#26 /home/xhuv4202/boassur/vendor/laravel/framework/src/Illuminate/Routing/Router.php(740): Illuminate\\Routing\\Router->runRoute()
#27 /home/xhuv4202/boassur/vendor/laravel/framework/src/Illuminate/Routing/Router.php(729): Illuminate\\Routing\\Router->dispatchToRoute()
#28 /home/xhuv4202/boassur/vendor/laravel/framework/src/Illuminate/Foundation/Http/Kernel.php(190): Illuminate\\Routing\\Router->dispatch()
#29 /home/xhuv4202/boassur/vendor/laravel/framework/src/Illuminate/Pipeline/Pipeline.php(141): Illuminate\\Foundation\\Http\\Kernel->Illuminate\\Foundation\\Http\\{closure}()
#30 /home/xhuv4202/boassur/vendor/livewire/livewire/src/DisableBrowserCache.php(19): Illuminate\\Pipeline\\Pipeline->Illuminate\\Pipeline\\{closure}()
#31 /home/xhuv4202/boassur/vendor/laravel/framework/src/Illuminate/Pipeline/Pipeline.php(180): Livewire\\DisableBrowserCache->handle()
#32 /home/xhuv4202/boassur/vendor/laravel/framework/src/Illuminate/Foundation/Http/Middleware/TransformsRequest.php(21): Illuminate\\Pipeline\\Pipeline->Illuminate\\Pipeline\\{closure}()
#33 /home/xhuv4202/boassur/vendor/laravel/framework/src/Illuminate/Foundation/Http/Middleware/ConvertEmptyStringsToNull.php(31): Illuminate\\Foundation\\Http\\Middleware\\TransformsRequest->handle()
#34 /home/xhuv4202/boassur/vendor/laravel/framework/src/Illuminate/Pipeline/Pipeline.php(180): Illuminate\\Foundation\\Http\\Middleware\\ConvertEmptyStringsToNull->handle()
#35 /home/xhuv4202/boassur/vendor/laravel/framework/src/Illuminate/Foundation/Http/Middleware/TransformsRequest.php(21): Illuminate\\Pipeline\\Pipeline->Illuminate\\Pipeline\\{closure}()
#36 /home/xhuv4202/boassur/vendor/laravel/framework/src/Illuminate/Foundation/Http/Middleware/TrimStrings.php(40): Illuminate\\Foundation\\Http\\Middleware\\TransformsRequest->handle()
#37 /home/xhuv4202/boassur/vendor/laravel/framework/src/Illuminate/Pipeline/Pipeline.php(180): Illuminate\\Foundation\\Http\\Middleware\\TrimStrings->handle()
#38 /home/xhuv4202/boassur/vendor/laravel/framework/src/Illuminate/Foundation/Http/Middleware/ValidatePostSize.php(27): Illuminate\\Pipeline\\Pipeline->Illuminate\\Pipeline\\{closure}()
#39 /home/xhuv4202/boassur/vendor/laravel/framework/src/Illuminate/Pipeline/Pipeline.php(180): Illuminate\\Foundation\\Http\\Middleware\\ValidatePostSize->handle()
#40 /home/xhuv4202/boassur/vendor/laravel/framework/src/Illuminate/Foundation/Http/Middleware/PreventRequestsDuringMaintenance.php(86): Illuminate\\Pipeline\\Pipeline->Illuminate\\Pipeline\\{closure}()
#41 /home/xhuv4202/boassur/vendor/laravel/framework/src/Illuminate/Pipeline/Pipeline.php(180): Illuminate\\Foundation\\Http\\Middleware\\PreventRequestsDuringMaintenance->handle()
#42 /home/xhuv4202/boassur/vendor/fruitcake/laravel-cors/src/HandleCors.php(52): Illuminate\\Pipeline\\Pipeline->Illuminate\\Pipeline\\{closure}()
#43 /home/xhuv4202/boassur/vendor/laravel/framework/src/Illuminate/Pipeline/Pipeline.php(180): Fruitcake\\Cors\\HandleCors->handle()
#44 /home/xhuv4202/boassur/vendor/laravel/framework/src/Illuminate/Http/Middleware/TrustProxies.php(39): Illuminate\\Pipeline\\Pipeline->Illuminate\\Pipeline\\{closure}()
#45 /home/xhuv4202/boassur/vendor/laravel/framework/src/Illuminate/Pipeline/Pipeline.php(180): Illuminate\\Http\\Middleware\\TrustProxies->handle()
#46 /home/xhuv4202/boassur/vendor/laravel/framework/src/Illuminate/Pipeline/Pipeline.php(116): Illuminate\\Pipeline\\Pipeline->Illuminate\\Pipeline\\{closure}()
#47 /home/xhuv4202/boassur/vendor/laravel/framework/src/Illuminate/Foundation/Http/Kernel.php(165): Illuminate\\Pipeline\\Pipeline->then()
#48 /home/xhuv4202/boassur/vendor/laravel/framework/src/Illuminate/Foundation/Http/Kernel.php(134): Illuminate\\Foundation\\Http\\Kernel->sendRequestThroughRouter()
#49 /home/xhuv4202/boassur/public/index.php(52): Illuminate\\Foundation\\Http\\Kernel->handle()
#50 {main}
"} 
[2024-01-30 09:47:39] production.ERROR: Server error: `GET https://ws.cselignes.com?methode=getcommanddetail&data=%7B%22auth%22:%7B%22id%22:%22PRESENCE%22,%22password%22:%2284IK3DFR%22%7D,%22ref_commande%22:%22UBG-53573458517246%22%7D` resulted in a `500 Internal Server Error` response {"exception":"[object] (GuzzleHttp\\Exception\\ServerException(code: 500): Server error: `GET https://ws.cselignes.com?methode=getcommanddetail&data=%7B%22auth%22:%7B%22id%22:%22PRESENCE%22,%22password%22:%2284IK3DFR%22%7D,%22ref_commande%22:%22UBG-53573458517246%22%7D` resulted in a `500 Internal Server Error` response at /home/xhuv4202/boassur/vendor/guzzlehttp/guzzle/src/Exception/RequestException.php:113)
[stacktrace]
#0 /home/xhuv4202/boassur/vendor/guzzlehttp/guzzle/src/Middleware.php(72): GuzzleHttp\\Exception\\RequestException::create()
#1 /home/xhuv4202/boassur/vendor/guzzlehttp/promises/src/Promise.php(209): GuzzleHttp\\Middleware::GuzzleHttp\\{closure}()
#2 /home/xhuv4202/boassur/vendor/guzzlehttp/promises/src/Promise.php(158): GuzzleHttp\\Promise\\Promise::callHandler()
#3 /home/xhuv4202/boassur/vendor/guzzlehttp/promises/src/TaskQueue.php(52): GuzzleHttp\\Promise\\Promise::GuzzleHttp\\Promise\\{closure}()
#4 /home/xhuv4202/boassur/vendor/guzzlehttp/promises/src/Promise.php(251): GuzzleHttp\\Promise\\TaskQueue->run()
#5 /home/xhuv4202/boassur/vendor/guzzlehttp/promises/src/Promise.php(227): GuzzleHttp\\Promise\\Promise->invokeWaitFn()
#6 /home/xhuv4202/boassur/vendor/guzzlehttp/promises/src/Promise.php(272): GuzzleHttp\\Promise\\Promise->waitIfPending()
#7 /home/xhuv4202/boassur/vendor/guzzlehttp/promises/src/Promise.php(229): GuzzleHttp\\Promise\\Promise->invokeWaitList()
#8 /home/xhuv4202/boassur/vendor/guzzlehttp/promises/src/Promise.php(69): GuzzleHttp\\Promise\\Promise->waitIfPending()
#9 /home/xhuv4202/boassur/vendor/guzzlehttp/guzzle/src/Client.php(189): GuzzleHttp\\Promise\\Promise->wait()
#10 /home/xhuv4202/boassur/app/Http/Controllers/Api/CseController.php(34): GuzzleHttp\\Client->request()
#11 /home/xhuv4202/boassur/vendor/laravel/framework/src/Illuminate/Routing/Controller.php(54): App\\Http\\Controllers\\Api\\CseController->voyage()
#12 /home/xhuv4202/boassur/vendor/laravel/framework/src/Illuminate/Routing/ControllerDispatcher.php(43): Illuminate\\Routing\\Controller->callAction()
#13 /home/xhuv4202/boassur/vendor/laravel/framework/src/Illuminate/Routing/Route.php(260): Illuminate\\Routing\\ControllerDispatcher->dispatch()
#14 /home/xhuv4202/boassur/vendor/laravel/framework/src/Illuminate/Routing/Route.php(205): Illuminate\\Routing\\Route->runController()
#15 /home/xhuv4202/boassur/vendor/laravel/framework/src/Illuminate/Routing/Router.php(798): Illuminate\\Routing\\Route->run()
#16 /home/xhuv4202/boassur/vendor/laravel/framework/src/Illuminate/Pipeline/Pipeline.php(141): Illuminate\\Routing\\Router->Illuminate\\Routing\\{closure}()
#17 /home/xhuv4202/boassur/vendor/laravel/framework/src/Illuminate/Routing/Middleware/SubstituteBindings.php(50): Illuminate\\Pipeline\\Pipeline->Illuminate\\Pipeline\\{closure}()
#18 /home/xhuv4202/boassur/vendor/laravel/framework/src/Illuminate/Pipeline/Pipeline.php(180): Illuminate\\Routing\\Middleware\\SubstituteBindings->handle()
#19 /home/xhuv4202/boassur/vendor/laravel/framework/src/Illuminate/Routing/Middleware/ThrottleRequests.php(126): Illuminate\\Pipeline\\Pipeline->Illuminate\\Pipeline\\{closure}()
#20 /home/xhuv4202/boassur/vendor/laravel/framework/src/Illuminate/Routing/Middleware/ThrottleRequests.php(102): Illuminate\\Routing\\Middleware\\ThrottleRequests->handleRequest()
#21 /home/xhuv4202/boassur/vendor/laravel/framework/src/Illuminate/Routing/Middleware/ThrottleRequests.php(54): Illuminate\\Routing\\Middleware\\ThrottleRequests->handleRequestUsingNamedLimiter()
#22 /home/xhuv4202/boassur/vendor/laravel/framework/src/Illuminate/Pipeline/Pipeline.php(180): Illuminate\\Routing\\Middleware\\ThrottleRequests->handle()
#23 /home/xhuv4202/boassur/vendor/laravel/framework/src/Illuminate/Pipeline/Pipeline.php(116): Illuminate\\Pipeline\\Pipeline->Illuminate\\Pipeline\\{closure}()
#24 /home/xhuv4202/boassur/vendor/laravel/framework/src/Illuminate/Routing/Router.php(799): Illuminate\\Pipeline\\Pipeline->then()
#25 /home/xhuv4202/boassur/vendor/laravel/framework/src/Illuminate/Routing/Router.php(776): Illuminate\\Routing\\Router->runRouteWithinStack()
#26 /home/xhuv4202/boassur/vendor/laravel/framework/src/Illuminate/Routing/Router.php(740): Illuminate\\Routing\\Router->runRoute()
#27 /home/xhuv4202/boassur/vendor/laravel/framework/src/Illuminate/Routing/Router.php(729): Illuminate\\Routing\\Router->dispatchToRoute()
#28 /home/xhuv4202/boassur/vendor/laravel/framework/src/Illuminate/Foundation/Http/Kernel.php(190): Illuminate\\Routing\\Router->dispatch()
#29 /home/xhuv4202/boassur/vendor/laravel/framework/src/Illuminate/Pipeline/Pipeline.php(141): Illuminate\\Foundation\\Http\\Kernel->Illuminate\\Foundation\\Http\\{closure}()
#30 /home/xhuv4202/boassur/vendor/livewire/livewire/src/DisableBrowserCache.php(19): Illuminate\\Pipeline\\Pipeline->Illuminate\\Pipeline\\{closure}()
#31 /home/xhuv4202/boassur/vendor/laravel/framework/src/Illuminate/Pipeline/Pipeline.php(180): Livewire\\DisableBrowserCache->handle()
#32 /home/xhuv4202/boassur/vendor/laravel/framework/src/Illuminate/Foundation/Http/Middleware/TransformsRequest.php(21): Illuminate\\Pipeline\\Pipeline->Illuminate\\Pipeline\\{closure}()
#33 /home/xhuv4202/boassur/vendor/laravel/framework/src/Illuminate/Foundation/Http/Middleware/ConvertEmptyStringsToNull.php(31): Illuminate\\Foundation\\Http\\Middleware\\TransformsRequest->handle()
#34 /home/xhuv4202/boassur/vendor/laravel/framework/src/Illuminate/Pipeline/Pipeline.php(180): Illuminate\\Foundation\\Http\\Middleware\\ConvertEmptyStringsToNull->handle()
#35 /home/xhuv4202/boassur/vendor/laravel/framework/src/Illuminate/Foundation/Http/Middleware/TransformsRequest.php(21): Illuminate\\Pipeline\\Pipeline->Illuminate\\Pipeline\\{closure}()
#36 /home/xhuv4202/boassur/vendor/laravel/framework/src/Illuminate/Foundation/Http/Middleware/TrimStrings.php(40): Illuminate\\Foundation\\Http\\Middleware\\TransformsRequest->handle()
#37 /home/xhuv4202/boassur/vendor/laravel/framework/src/Illuminate/Pipeline/Pipeline.php(180): Illuminate\\Foundation\\Http\\Middleware\\TrimStrings->handle()
#38 /home/xhuv4202/boassur/vendor/laravel/framework/src/Illuminate/Foundation/Http/Middleware/ValidatePostSize.php(27): Illuminate\\Pipeline\\Pipeline->Illuminate\\Pipeline\\{closure}()
#39 /home/xhuv4202/boassur/vendor/laravel/framework/src/Illuminate/Pipeline/Pipeline.php(180): Illuminate\\Foundation\\Http\\Middleware\\ValidatePostSize->handle()
#40 /home/xhuv4202/boassur/vendor/laravel/framework/src/Illuminate/Foundation/Http/Middleware/PreventRequestsDuringMaintenance.php(86): Illuminate\\Pipeline\\Pipeline->Illuminate\\Pipeline\\{closure}()
#41 /home/xhuv4202/boassur/vendor/laravel/framework/src/Illuminate/Pipeline/Pipeline.php(180): Illuminate\\Foundation\\Http\\Middleware\\PreventRequestsDuringMaintenance->handle()
#42 /home/xhuv4202/boassur/vendor/fruitcake/laravel-cors/src/HandleCors.php(52): Illuminate\\Pipeline\\Pipeline->Illuminate\\Pipeline\\{closure}()
#43 /home/xhuv4202/boassur/vendor/laravel/framework/src/Illuminate/Pipeline/Pipeline.php(180): Fruitcake\\Cors\\HandleCors->handle()
#44 /home/xhuv4202/boassur/vendor/laravel/framework/src/Illuminate/Http/Middleware/TrustProxies.php(39): Illuminate\\Pipeline\\Pipeline->Illuminate\\Pipeline\\{closure}()
#45 /home/xhuv4202/boassur/vendor/laravel/framework/src/Illuminate/Pipeline/Pipeline.php(180): Illuminate\\Http\\Middleware\\TrustProxies->handle()
#46 /home/xhuv4202/boassur/vendor/laravel/framework/src/Illuminate/Pipeline/Pipeline.php(116): Illuminate\\Pipeline\\Pipeline->Illuminate\\Pipeline\\{closure}()
#47 /home/xhuv4202/boassur/vendor/laravel/framework/src/Illuminate/Foundation/Http/Kernel.php(165): Illuminate\\Pipeline\\Pipeline->then()
#48 /home/xhuv4202/boassur/vendor/laravel/framework/src/Illuminate/Foundation/Http/Kernel.php(134): Illuminate\\Foundation\\Http\\Kernel->sendRequestThroughRouter()
#49 /home/xhuv4202/boassur/public/index.php(52): Illuminate\\Foundation\\Http\\Kernel->handle()
#50 {main}
"} 
[2024-01-30 09:53:04] production.ERROR: Server error: `GET https://ws.cselignes.com?methode=getcommanddetail&data=%7B%22auth%22:%7B%22id%22:%22PRESENCE%22,%22password%22:%2284IK3DFR%22%7D,%22ref_commande%22:%22UBG-53573458517246%22%7D` resulted in a `500 Internal Server Error` response {"exception":"[object] (GuzzleHttp\\Exception\\ServerException(code: 500): Server error: `GET https://ws.cselignes.com?methode=getcommanddetail&data=%7B%22auth%22:%7B%22id%22:%22PRESENCE%22,%22password%22:%2284IK3DFR%22%7D,%22ref_commande%22:%22UBG-53573458517246%22%7D` resulted in a `500 Internal Server Error` response at /home/xhuv4202/boassur/vendor/guzzlehttp/guzzle/src/Exception/RequestException.php:113)
[stacktrace]
#0 /home/xhuv4202/boassur/vendor/guzzlehttp/guzzle/src/Middleware.php(72): GuzzleHttp\\Exception\\RequestException::create()
#1 /home/xhuv4202/boassur/vendor/guzzlehttp/promises/src/Promise.php(209): GuzzleHttp\\Middleware::GuzzleHttp\\{closure}()
#2 /home/xhuv4202/boassur/vendor/guzzlehttp/promises/src/Promise.php(158): GuzzleHttp\\Promise\\Promise::callHandler()
#3 /home/xhuv4202/boassur/vendor/guzzlehttp/promises/src/TaskQueue.php(52): GuzzleHttp\\Promise\\Promise::GuzzleHttp\\Promise\\{closure}()
#4 /home/xhuv4202/boassur/vendor/guzzlehttp/promises/src/Promise.php(251): GuzzleHttp\\Promise\\TaskQueue->run()
#5 /home/xhuv4202/boassur/vendor/guzzlehttp/promises/src/Promise.php(227): GuzzleHttp\\Promise\\Promise->invokeWaitFn()
#6 /home/xhuv4202/boassur/vendor/guzzlehttp/promises/src/Promise.php(272): GuzzleHttp\\Promise\\Promise->waitIfPending()
#7 /home/xhuv4202/boassur/vendor/guzzlehttp/promises/src/Promise.php(229): GuzzleHttp\\Promise\\Promise->invokeWaitList()
#8 /home/xhuv4202/boassur/vendor/guzzlehttp/promises/src/Promise.php(69): GuzzleHttp\\Promise\\Promise->waitIfPending()
#9 /home/xhuv4202/boassur/vendor/guzzlehttp/guzzle/src/Client.php(189): GuzzleHttp\\Promise\\Promise->wait()
#10 /home/xhuv4202/boassur/app/Http/Controllers/Api/CseController.php(34): GuzzleHttp\\Client->request()
#11 /home/xhuv4202/boassur/vendor/laravel/framework/src/Illuminate/Routing/Controller.php(54): App\\Http\\Controllers\\Api\\CseController->voyage()
#12 /home/xhuv4202/boassur/vendor/laravel/framework/src/Illuminate/Routing/ControllerDispatcher.php(43): Illuminate\\Routing\\Controller->callAction()
#13 /home/xhuv4202/boassur/vendor/laravel/framework/src/Illuminate/Routing/Route.php(260): Illuminate\\Routing\\ControllerDispatcher->dispatch()
#14 /home/xhuv4202/boassur/vendor/laravel/framework/src/Illuminate/Routing/Route.php(205): Illuminate\\Routing\\Route->runController()
#15 /home/xhuv4202/boassur/vendor/laravel/framework/src/Illuminate/Routing/Router.php(798): Illuminate\\Routing\\Route->run()
#16 /home/xhuv4202/boassur/vendor/laravel/framework/src/Illuminate/Pipeline/Pipeline.php(141): Illuminate\\Routing\\Router->Illuminate\\Routing\\{closure}()
#17 /home/xhuv4202/boassur/vendor/laravel/framework/src/Illuminate/Routing/Middleware/SubstituteBindings.php(50): Illuminate\\Pipeline\\Pipeline->Illuminate\\Pipeline\\{closure}()
#18 /home/xhuv4202/boassur/vendor/laravel/framework/src/Illuminate/Pipeline/Pipeline.php(180): Illuminate\\Routing\\Middleware\\SubstituteBindings->handle()
#19 /home/xhuv4202/boassur/vendor/laravel/framework/src/Illuminate/Routing/Middleware/ThrottleRequests.php(126): Illuminate\\Pipeline\\Pipeline->Illuminate\\Pipeline\\{closure}()
#20 /home/xhuv4202/boassur/vendor/laravel/framework/src/Illuminate/Routing/Middleware/ThrottleRequests.php(102): Illuminate\\Routing\\Middleware\\ThrottleRequests->handleRequest()
#21 /home/xhuv4202/boassur/vendor/laravel/framework/src/Illuminate/Routing/Middleware/ThrottleRequests.php(54): Illuminate\\Routing\\Middleware\\ThrottleRequests->handleRequestUsingNamedLimiter()
#22 /home/xhuv4202/boassur/vendor/laravel/framework/src/Illuminate/Pipeline/Pipeline.php(180): Illuminate\\Routing\\Middleware\\ThrottleRequests->handle()
#23 /home/xhuv4202/boassur/vendor/laravel/framework/src/Illuminate/Pipeline/Pipeline.php(116): Illuminate\\Pipeline\\Pipeline->Illuminate\\Pipeline\\{closure}()
#24 /home/xhuv4202/boassur/vendor/laravel/framework/src/Illuminate/Routing/Router.php(799): Illuminate\\Pipeline\\Pipeline->then()
#25 /home/xhuv4202/boassur/vendor/laravel/framework/src/Illuminate/Routing/Router.php(776): Illuminate\\Routing\\Router->runRouteWithinStack()
#26 /home/xhuv4202/boassur/vendor/laravel/framework/src/Illuminate/Routing/Router.php(740): Illuminate\\Routing\\Router->runRoute()
#27 /home/xhuv4202/boassur/vendor/laravel/framework/src/Illuminate/Routing/Router.php(729): Illuminate\\Routing\\Router->dispatchToRoute()
#28 /home/xhuv4202/boassur/vendor/laravel/framework/src/Illuminate/Foundation/Http/Kernel.php(190): Illuminate\\Routing\\Router->dispatch()
#29 /home/xhuv4202/boassur/vendor/laravel/framework/src/Illuminate/Pipeline/Pipeline.php(141): Illuminate\\Foundation\\Http\\Kernel->Illuminate\\Foundation\\Http\\{closure}()
#30 /home/xhuv4202/boassur/vendor/livewire/livewire/src/DisableBrowserCache.php(19): Illuminate\\Pipeline\\Pipeline->Illuminate\\Pipeline\\{closure}()
#31 /home/xhuv4202/boassur/vendor/laravel/framework/src/Illuminate/Pipeline/Pipeline.php(180): Livewire\\DisableBrowserCache->handle()
#32 /home/xhuv4202/boassur/vendor/laravel/framework/src/Illuminate/Foundation/Http/Middleware/TransformsRequest.php(21): Illuminate\\Pipeline\\Pipeline->Illuminate\\Pipeline\\{closure}()
#33 /home/xhuv4202/boassur/vendor/laravel/framework/src/Illuminate/Foundation/Http/Middleware/ConvertEmptyStringsToNull.php(31): Illuminate\\Foundation\\Http\\Middleware\\TransformsRequest->handle()
#34 /home/xhuv4202/boassur/vendor/laravel/framework/src/Illuminate/Pipeline/Pipeline.php(180): Illuminate\\Foundation\\Http\\Middleware\\ConvertEmptyStringsToNull->handle()
#35 /home/xhuv4202/boassur/vendor/laravel/framework/src/Illuminate/Foundation/Http/Middleware/TransformsRequest.php(21): Illuminate\\Pipeline\\Pipeline->Illuminate\\Pipeline\\{closure}()
#36 /home/xhuv4202/boassur/vendor/laravel/framework/src/Illuminate/Foundation/Http/Middleware/TrimStrings.php(40): Illuminate\\Foundation\\Http\\Middleware\\TransformsRequest->handle()
#37 /home/xhuv4202/boassur/vendor/laravel/framework/src/Illuminate/Pipeline/Pipeline.php(180): Illuminate\\Foundation\\Http\\Middleware\\TrimStrings->handle()
#38 /home/xhuv4202/boassur/vendor/laravel/framework/src/Illuminate/Foundation/Http/Middleware/ValidatePostSize.php(27): Illuminate\\Pipeline\\Pipeline->Illuminate\\Pipeline\\{closure}()
#39 /home/xhuv4202/boassur/vendor/laravel/framework/src/Illuminate/Pipeline/Pipeline.php(180): Illuminate\\Foundation\\Http\\Middleware\\ValidatePostSize->handle()
#40 /home/xhuv4202/boassur/vendor/laravel/framework/src/Illuminate/Foundation/Http/Middleware/PreventRequestsDuringMaintenance.php(86): Illuminate\\Pipeline\\Pipeline->Illuminate\\Pipeline\\{closure}()
#41 /home/xhuv4202/boassur/vendor/laravel/framework/src/Illuminate/Pipeline/Pipeline.php(180): Illuminate\\Foundation\\Http\\Middleware\\PreventRequestsDuringMaintenance->handle()
#42 /home/xhuv4202/boassur/vendor/fruitcake/laravel-cors/src/HandleCors.php(52): Illuminate\\Pipeline\\Pipeline->Illuminate\\Pipeline\\{closure}()
#43 /home/xhuv4202/boassur/vendor/laravel/framework/src/Illuminate/Pipeline/Pipeline.php(180): Fruitcake\\Cors\\HandleCors->handle()
#44 /home/xhuv4202/boassur/vendor/laravel/framework/src/Illuminate/Http/Middleware/TrustProxies.php(39): Illuminate\\Pipeline\\Pipeline->Illuminate\\Pipeline\\{closure}()
#45 /home/xhuv4202/boassur/vendor/laravel/framework/src/Illuminate/Pipeline/Pipeline.php(180): Illuminate\\Http\\Middleware\\TrustProxies->handle()
#46 /home/xhuv4202/boassur/vendor/laravel/framework/src/Illuminate/Pipeline/Pipeline.php(116): Illuminate\\Pipeline\\Pipeline->Illuminate\\Pipeline\\{closure}()
#47 /home/xhuv4202/boassur/vendor/laravel/framework/src/Illuminate/Foundation/Http/Kernel.php(165): Illuminate\\Pipeline\\Pipeline->then()
#48 /home/xhuv4202/boassur/vendor/laravel/framework/src/Illuminate/Foundation/Http/Kernel.php(134): Illuminate\\Foundation\\Http\\Kernel->sendRequestThroughRouter()
#49 /home/xhuv4202/boassur/public/index.php(52): Illuminate\\Foundation\\Http\\Kernel->handle()
#50 {main}
"} 
[2024-01-30 10:25:06] production.INFO: {"TPE":"7255424","date":"30\/01\/2024_a_10:25:06","montant":"27EUR","reference":"W56GKXW8LD","texte-libre":null,"code-retour":"paiement","cvx":"oui","vld":"0624","brand":"CB","numauto":"559845","usage":"debit","typecompte":"particulier","ecard":"non","originecb":"FRA","bincb":"51364170","hpancb":"47A245A7F338E828F444144FC8838E425823A832","ipclient":"90.46.240.35","originetr":"FRA","cbmasquee":"51364170******41","modepaiement":"CB","authentification":"ewogICAiZGV0YWlscyIgOiB7CiAgICAgICJBUmVzIiA6ICJDIiwKICAgICAgIkNSZXMiIDogIlkiLAogICAgICAibGlhYmlsaXR5U2hpZnQiIDogIlkiLAogICAgICAibWVyY2hhbnRQcmVmZXJlbmNlIiA6ICJub19wcmVmZXJlbmNlIiwKICAgICAgInRyYW5zYWN0aW9uSUQiIDogIjMyMzlhNDczLWVjN2EtNDA1My05ZTk1LTViMTA4OWRkMzQ4MyIKICAgfSwKICAgInByb3RvY29sIiA6ICIzRFNlY3VyZSIsCiAgICJzdGF0dXMiIDogImF1dGhlbnRpY2F0ZWQiLAogICAidmVyc2lvbiIgOiAiMi4xLjAiCn0K","MAC":"4A61D96C270267EA06FEE2E5645CCDBF5FF5A206"}  
[2024-01-30 11:02:38] production.INFO: {"TPE":"7255424","date":"30\/01\/2024_a_11:02:39","montant":"65EUR","reference":"L74NPQ18ZN","texte-libre":null,"code-retour":"Annulation","cvx":"oui","vld":"0224","brand":"AM","motifrefus":"3DSecure","usage":"inconnu","typecompte":"inconnu","ecard":"non","originecb":"FRA","bincb":"374915XX","hpancb":"38D9A65FDF6E9C9590FB283E04D4E881B89C4BF2","ipclient":"91.164.131.89","originetr":"FRA","cbmasquee":"374915******007","modepaiement":"CB","authentification":"ewogICAiZGV0YWlscyIgOiB7CiAgICAgICJBUmVzIiA6ICJDIiwKICAgICAgIkNSZXMiIDogIk4iLAogICAgICAibGlhYmlsaXR5U2hpZnQiIDogIk5BIiwKICAgICAgIm1lcmNoYW50UHJlZmVyZW5jZSIgOiAibm9fcHJlZmVyZW5jZSIsCiAgICAgICJ0cmFuc2FjdGlvbklEIiA6ICJkMTk5N2Q1Zi03ODEyLTQ2NDMtOWIwZC04NGUyNjhkZDMwNTUiCiAgIH0sCiAgICJwcm90b2NvbCIgOiAiM0RTZWN1cmUiLAogICAic3RhdHVzIiA6ICJub3RfYXV0aGVudGljYXRlZCIsCiAgICJ2ZXJzaW9uIiA6ICIyLjEuMCIKfQo=","MAC":"AFD6D6226126677E3D38C9ADFEF83B2C04E12988"}  
[2024-01-30 11:02:38] production.ERROR: Callback Monetico MAC {"TPE":"7255424","date":"30/01/2024_a_11:02:39","montant":"65EUR","reference":"L74NPQ18ZN","texte-libre":null,"code-retour":"Annulation","cvx":"oui","vld":"0224","brand":"AM","motifrefus":"3DSecure","usage":"inconnu","typecompte":"inconnu","ecard":"non","originecb":"FRA","bincb":"374915XX","hpancb":"38D9A65FDF6E9C9590FB283E04D4E881B89C4BF2","ipclient":"91.164.131.89","originetr":"FRA","cbmasquee":"374915******007","modepaiement":"CB","authentification":"ewogICAiZGV0YWlscyIgOiB7CiAgICAgICJBUmVzIiA6ICJDIiwKICAgICAgIkNSZXMiIDogIk4iLAogICAgICAibGlhYmlsaXR5U2hpZnQiIDogIk5BIiwKICAgICAgIm1lcmNoYW50UHJlZmVyZW5jZSIgOiAibm9fcHJlZmVyZW5jZSIsCiAgICAgICJ0cmFuc2FjdGlvbklEIiA6ICJkMTk5N2Q1Zi03ODEyLTQ2NDMtOWIwZC04NGUyNjhkZDMwNTUiCiAgIH0sCiAgICJwcm90b2NvbCIgOiAiM0RTZWN1cmUiLAogICAic3RhdHVzIiA6ICJub3RfYXV0aGVudGljYXRlZCIsCiAgICJ2ZXJzaW9uIiA6ICIyLjEuMCIKfQo=","MAC":"AFD6D6226126677E3D38C9ADFEF83B2C04E12988"} 
[2024-01-30 11:06:34] production.INFO: {"TPE":"7255424","date":"30\/01\/2024_a_11:06:34","montant":"65EUR","reference":"7D6KRNY8GK","texte-libre":null,"code-retour":"Annulation","cvx":"oui","vld":"0224","brand":"AM","motifrefus":"3DSecure","usage":"inconnu","typecompte":"inconnu","ecard":"non","originecb":"FRA","bincb":"374915XX","hpancb":"38D9A65FDF6E9C9590FB283E04D4E881B89C4BF2","ipclient":"91.164.131.89","originetr":"FRA","cbmasquee":"374915******007","modepaiement":"CB","authentification":"ewogICAiZGV0YWlscyIgOiB7CiAgICAgICJBUmVzIiA6ICJDIiwKICAgICAgIkNSZXMiIDogIk4iLAogICAgICAibGlhYmlsaXR5U2hpZnQiIDogIk5BIiwKICAgICAgIm1lcmNoYW50UHJlZmVyZW5jZSIgOiAibm9fcHJlZmVyZW5jZSIsCiAgICAgICJ0cmFuc2FjdGlvbklEIiA6ICJhZTMyNTVmMy02MGQ1LTQxY2EtOTVhOC0wZGNhNzA2ZWM5OTIiCiAgIH0sCiAgICJwcm90b2NvbCIgOiAiM0RTZWN1cmUiLAogICAic3RhdHVzIiA6ICJub3RfYXV0aGVudGljYXRlZCIsCiAgICJ2ZXJzaW9uIiA6ICIyLjEuMCIKfQo=","MAC":"292614BAEE06AE50CB5118B9A0B7E797402D51EC"}  
[2024-01-30 11:06:34] production.ERROR: Callback Monetico MAC {"TPE":"7255424","date":"30/01/2024_a_11:06:34","montant":"65EUR","reference":"7D6KRNY8GK","texte-libre":null,"code-retour":"Annulation","cvx":"oui","vld":"0224","brand":"AM","motifrefus":"3DSecure","usage":"inconnu","typecompte":"inconnu","ecard":"non","originecb":"FRA","bincb":"374915XX","hpancb":"38D9A65FDF6E9C9590FB283E04D4E881B89C4BF2","ipclient":"91.164.131.89","originetr":"FRA","cbmasquee":"374915******007","modepaiement":"CB","authentification":"ewogICAiZGV0YWlscyIgOiB7CiAgICAgICJBUmVzIiA6ICJDIiwKICAgICAgIkNSZXMiIDogIk4iLAogICAgICAibGlhYmlsaXR5U2hpZnQiIDogIk5BIiwKICAgICAgIm1lcmNoYW50UHJlZmVyZW5jZSIgOiAibm9fcHJlZmVyZW5jZSIsCiAgICAgICJ0cmFuc2FjdGlvbklEIiA6ICJhZTMyNTVmMy02MGQ1LTQxY2EtOTVhOC0wZGNhNzA2ZWM5OTIiCiAgIH0sCiAgICJwcm90b2NvbCIgOiAiM0RTZWN1cmUiLAogICAic3RhdHVzIiA6ICJub3RfYXV0aGVudGljYXRlZCIsCiAgICJ2ZXJzaW9uIiA6ICIyLjEuMCIKfQo=","MAC":"292614BAEE06AE50CB5118B9A0B7E797402D51EC"} 
[2024-01-30 12:05:20] production.INFO: {"TPE":"7255424","date":"30\/01\/2024_a_12:05:20","montant":"40EUR","reference":"Z089D7X6Y1","texte-libre":null,"code-retour":"paiement","cvx":"oui","vld":"0128","brand":"CB","numauto":"182142","usage":"debit","typecompte":"particulier","ecard":"non","originecb":"FRA","bincb":"45335231","hpancb":"7A68A5DCDA3D0ACC4585D349EE7874AE8FC9B4EF","ipclient":"88.170.185.198","originetr":"FRA","cbmasquee":"45335231******71","modepaiement":"CB","authentification":"ewogICAiZGV0YWlscyIgOiB7CiAgICAgICJBUmVzIiA6ICJDIiwKICAgICAgIkNSZXMiIDogIlkiLAogICAgICAibGlhYmlsaXR5U2hpZnQiIDogIlkiLAogICAgICAibWVyY2hhbnRQcmVmZXJlbmNlIiA6ICJub19wcmVmZXJlbmNlIiwKICAgICAgInRyYW5zYWN0aW9uSUQiIDogIjA1MWY0YmI5LWRjMWQtNGZlOC1iNDJiLWVkNjZlNjUzYzY0OSIKICAgfSwKICAgInByb3RvY29sIiA6ICIzRFNlY3VyZSIsCiAgICJzdGF0dXMiIDogImF1dGhlbnRpY2F0ZWQiLAogICAidmVyc2lvbiIgOiAiMi4xLjAiCn0K","MAC":"6CDEED721ECFC520C687DD311F882207F1FC6707"}  
[2024-01-30 12:30:32] production.INFO: {"TPE":"7255424","date":"30\/01\/2024_a_12:30:32","montant":"65EUR","reference":"JK4QPZD80G","texte-libre":null,"code-retour":"paiement","cvx":"oui","vld":"0129","brand":"MC","numauto":"L7PVPP","usage":"debit","typecompte":"particulier","ecard":"non","originecb":"FRA","bincb":"53561727","hpancb":"121AC37755A12B1160F965558A6EE557CC0E4E38","ipclient":"88.176.43.140","originetr":"FRA","cbmasquee":"53561727******51","modepaiement":"CB","authentification":"ewogICAiZGV0YWlscyIgOiB7CiAgICAgICJBUmVzIiA6ICJZIiwKICAgICAgImxpYWJpbGl0eVNoaWZ0IiA6ICJZIiwKICAgICAgIm1lcmNoYW50UHJlZmVyZW5jZSIgOiAibm9fcHJlZmVyZW5jZSIsCiAgICAgICJ0cmFuc2FjdGlvbklEIiA6ICIzODdiYWJjZi00OTVmLTQxNGItYThiMy1mOWM2YmY2Yjg5NTAiCiAgIH0sCiAgICJwcm90b2NvbCIgOiAiM0RTZWN1cmUiLAogICAic3RhdHVzIiA6ICJhdXRoZW50aWNhdGVkIiwKICAgInZlcnNpb24iIDogIjIuMS4wIgp9Cg==","MAC":"77015DCECCD5411666FA5B973B9FAC23B577B046"}  
[2024-01-30 12:40:26] production.INFO: {"TPE":"7255424","date":"30\/01\/2024_a_12:40:26","montant":"27EUR","reference":"OX811LZ8MJ","texte-libre":null,"code-retour":"paiement","cvx":"oui","vld":"0226","brand":"CB","numauto":"564363","usage":"debit","typecompte":"particulier","ecard":"non","originecb":"FRA","bincb":"49787403","hpancb":"AACEA48ABB1C00ECCB9460A73777A136CEFC7136","ipclient":"88.127.52.87","originetr":"FRA","cbmasquee":"49787403******17","modepaiement":"CB","authentification":"ewogICAiZGV0YWlscyIgOiB7CiAgICAgICJBUmVzIiA6ICJDIiwKICAgICAgIkNSZXMiIDogIlkiLAogICAgICAibGlhYmlsaXR5U2hpZnQiIDogIlkiLAogICAgICAibWVyY2hhbnRQcmVmZXJlbmNlIiA6ICJub19wcmVmZXJlbmNlIiwKICAgICAgInRyYW5zYWN0aW9uSUQiIDogIjhjOTVmNTdjLTVkYmMtNDVkMi1hNzE3LTVjZjlkNzQ4Y2ZiNiIKICAgfSwKICAgInByb3RvY29sIiA6ICIzRFNlY3VyZSIsCiAgICJzdGF0dXMiIDogImF1dGhlbnRpY2F0ZWQiLAogICAidmVyc2lvbiIgOiAiMi4xLjAiCn0K","MAC":"5C781B5D287DBD3DEE77C565BC026E632ADCC661"}  
[2024-01-30 14:52:25] production.INFO: {"TPE":"7255424","date":"30\/01\/2024_a_14:52:24","montant":"65EUR","reference":"LK6DGZV6GY","texte-libre":null,"code-retour":"paiement","cvx":"oui","vld":"0424","brand":"CB","numauto":"272966","usage":"debit","typecompte":"particulier","ecard":"oui","originecb":"FRA","bincb":"41505906","hpancb":"6E555BF2669B14D94B58E76EC893F0915546ADC4","ipclient":"91.165.42.154","originetr":"FRA","cbmasquee":"41505906******78","modepaiement":"CB","authentification":"ewogICAiZGV0YWlscyIgOiB7CiAgICAgICJBUmVzIiA6ICJZIiwKICAgICAgImxpYWJpbGl0eVNoaWZ0IiA6ICJZIiwKICAgICAgIm1lcmNoYW50UHJlZmVyZW5jZSIgOiAibm9fcHJlZmVyZW5jZSIsCiAgICAgICJ0cmFuc2FjdGlvbklEIiA6ICI3MjliYTE5OC01MzZmLTQ4NmEtYWYyMi1kNjJmYzIxNzQwZjMiCiAgIH0sCiAgICJwcm90b2NvbCIgOiAiM0RTZWN1cmUiLAogICAic3RhdHVzIiA6ICJhdXRoZW50aWNhdGVkIiwKICAgInZlcnNpb24iIDogIjIuMS4wIgp9Cg==","MAC":"F5E164A17C7E4B6252B81AC4014020E11757035E"}  
[2024-01-30 14:55:01] production.INFO: {"TPE":"7255424","date":"30\/01\/2024_a_14:55:01","montant":"40EUR","reference":"W54ZKYD4E0","texte-libre":null,"code-retour":"paiement","cvx":"oui","vld":"0427","brand":"VI","numauto":"382307","usage":"debit","typecompte":"particulier","ecard":"non","originecb":"FRA","bincb":"41653887","hpancb":"53DD1AA695119884BB05B4192C6D8D9D5C1E21CD","ipclient":"139.47.114.128","originetr":"ESP","cbmasquee":"41653887******82","modepaiement":"CB","authentification":"ewogICAiZGV0YWlscyIgOiB7CiAgICAgICJBUmVzIiA6ICJZIiwKICAgICAgImxpYWJpbGl0eVNoaWZ0IiA6ICJZIiwKICAgICAgIm1lcmNoYW50UHJlZmVyZW5jZSIgOiAibm9fcHJlZmVyZW5jZSIsCiAgICAgICJ0cmFuc2FjdGlvbklEIiA6ICI0N2M5YzMyYS00N2QxLTRmMWMtYmQzZC00N2RiYzVjYjlkZWUiCiAgIH0sCiAgICJwcm90b2NvbCIgOiAiM0RTZWN1cmUiLAogICAic3RhdHVzIiA6ICJhdXRoZW50aWNhdGVkIiwKICAgInZlcnNpb24iIDogIjIuMS4wIgp9Cg==","MAC":"D502A0755BFD375EDB90EBC999DDDFC51D376450"}  
[2024-01-30 15:47:27] production.INFO: {"TPE":"7255424","date":"30\/01\/2024_a_15:47:26","montant":"100EUR","reference":"M360M2M4JY","texte-libre":null,"code-retour":"paiement","cvx":"oui","vld":"0128","brand":"AM","numauto":"184196","usage":"inconnu","typecompte":"inconnu","ecard":"non","originecb":"FRA","bincb":"374997XX","hpancb":"EFDBB1A1E0153E36C7EC731A2F6AFFED82D8104F","ipclient":"77.201.221.224","originetr":"FRA","cbmasquee":"374997******008","modepaiement":"CB","authentification":"ewogICAiZGV0YWlscyIgOiB7CiAgICAgICJBUmVzIiA6ICJDIiwKICAgICAgIkNSZXMiIDogIlkiLAogICAgICAibGlhYmlsaXR5U2hpZnQiIDogIlkiLAogICAgICAibWVyY2hhbnRQcmVmZXJlbmNlIiA6ICJub19wcmVmZXJlbmNlIiwKICAgICAgInRyYW5zYWN0aW9uSUQiIDogImFlZDUxMWMzLTY3NmUtNGRhOS04ZDQ5LTExZmE1NjI0OGQ4NCIKICAgfSwKICAgInByb3RvY29sIiA6ICIzRFNlY3VyZSIsCiAgICJzdGF0dXMiIDogImF1dGhlbnRpY2F0ZWQiLAogICAidmVyc2lvbiIgOiAiMi4xLjAiCn0K","MAC":"D9C735F4C1C4B69CC2C8A4D3A432B7614CA9840B"}  
[2024-01-30 15:53:45] production.INFO: {"TPE":"7255424","date":"30\/01\/2024_a_15:53:44","montant":"22EUR","reference":"J96MZGM8OD","texte-libre":null,"code-retour":"paiement","cvx":"oui","vld":"1028","brand":"AM","numauto":"188476","usage":"inconnu","typecompte":"inconnu","ecard":"non","originecb":"FRA","bincb":"374995XX","hpancb":"FA649183724C4DA0BFD835A779E3CA7A477DBF9F","ipclient":"83.114.78.176","originetr":"FRA","cbmasquee":"374995******000","modepaiement":"CB","authentification":"ewogICAiZGV0YWlscyIgOiB7CiAgICAgICJBUmVzIiA6ICJDIiwKICAgICAgIkNSZXMiIDogIlkiLAogICAgICAibGlhYmlsaXR5U2hpZnQiIDogIlkiLAogICAgICAibWVyY2hhbnRQcmVmZXJlbmNlIiA6ICJub19wcmVmZXJlbmNlIiwKICAgICAgInRyYW5zYWN0aW9uSUQiIDogIjIwYjI0NWZlLThjNTItNDU1Mi1hMTZkLWQ2OWE0NTg5YzNlNSIKICAgfSwKICAgInByb3RvY29sIiA6ICIzRFNlY3VyZSIsCiAgICJzdGF0dXMiIDogImF1dGhlbnRpY2F0ZWQiLAogICAidmVyc2lvbiIgOiAiMi4xLjAiCn0K","MAC":"04C81AB5CA73B5A04F7DF866EE0D3EBB72838B6E"}  
[2024-01-30 15:56:14] production.INFO: {"TPE":"7255424","date":"30\/01\/2024_a_15:56:13","montant":"13EUR","reference":"WD8PM9P8PE","texte-libre":null,"code-retour":"paiement","cvx":"oui","vld":"1028","brand":"AM","numauto":"120423","usage":"inconnu","typecompte":"inconnu","ecard":"non","originecb":"FRA","bincb":"374995XX","hpancb":"FA649183724C4DA0BFD835A779E3CA7A477DBF9F","ipclient":"83.114.78.176","originetr":"FRA","cbmasquee":"374995******000","modepaiement":"CB","authentification":"ewogICAiZGV0YWlscyIgOiB7CiAgICAgICJBUmVzIiA6ICJDIiwKICAgICAgIkNSZXMiIDogIlkiLAogICAgICAibGlhYmlsaXR5U2hpZnQiIDogIlkiLAogICAgICAibWVyY2hhbnRQcmVmZXJlbmNlIiA6ICJub19wcmVmZXJlbmNlIiwKICAgICAgInRyYW5zYWN0aW9uSUQiIDogIjE3NmNjNzIyLTU1M2QtNDYzMi04NDFhLTgwMjA0MTZmODEyYyIKICAgfSwKICAgInByb3RvY29sIiA6ICIzRFNlY3VyZSIsCiAgICJzdGF0dXMiIDogImF1dGhlbnRpY2F0ZWQiLAogICAidmVyc2lvbiIgOiAiMi4xLjAiCn0K","MAC":"22E176E585E9A24A586045FFA1F9A124524DCD3C"}  
[2024-01-30 17:12:17] production.INFO: {"TPE":"7255424","date":"30\/01\/2024_a_17:12:17","montant":"39EUR","reference":"WE8LWRG6O2","texte-libre":null,"code-retour":"paiement","cvx":"oui","vld":"0127","brand":"VI","numauto":"646353","usage":"debit","typecompte":"particulier","ecard":"non","originecb":"FRA","bincb":"41252416","hpancb":"C94562B1F1CE1844589BFCCEFD718C404395ED0F","ipclient":"88.162.88.201","originetr":"FRA","cbmasquee":"41252416******00","modepaiement":"CB","authentification":"ewogICAiZGV0YWlscyIgOiB7CiAgICAgICJBUmVzIiA6ICJDIiwKICAgICAgIkNSZXMiIDogIlkiLAogICAgICAibGlhYmlsaXR5U2hpZnQiIDogIlkiLAogICAgICAibWVyY2hhbnRQcmVmZXJlbmNlIiA6ICJub19wcmVmZXJlbmNlIiwKICAgICAgInRyYW5zYWN0aW9uSUQiIDogIjJmMTRmMzFkLTlmYWEtNDEwYi1iNzcyLTRlNzA1YTY3MDBmYyIKICAgfSwKICAgInByb3RvY29sIiA6ICIzRFNlY3VyZSIsCiAgICJzdGF0dXMiIDogImF1dGhlbnRpY2F0ZWQiLAogICAidmVyc2lvbiIgOiAiMi4xLjAiCn0K","MAC":"0E5FCA5D4B8384CF3E0A816AD891FB4CEF14EB7D"}  
[2024-01-30 19:29:35] production.INFO: {"TPE":"7255424","date":"30\/01\/2024_a_19:29:35","montant":"13EUR","reference":"E14OPK76XK","texte-libre":null,"code-retour":"paiement","cvx":"oui","vld":"1027","brand":"VI","numauto":"842651","usage":"debit","typecompte":"particulier","ecard":"non","originecb":"FRA","bincb":"41653876","hpancb":"9892CF00232787894946B76B5EC3F90DDD459362","ipclient":"176.186.21.253","originetr":"FRA","cbmasquee":"41653876******89","modepaiement":"CB","authentification":"ewogICAiZGV0YWlscyIgOiB7CiAgICAgICJBUmVzIiA6ICJDIiwKICAgICAgIkNSZXMiIDogIlkiLAogICAgICAibGlhYmlsaXR5U2hpZnQiIDogIlkiLAogICAgICAibWVyY2hhbnRQcmVmZXJlbmNlIiA6ICJub19wcmVmZXJlbmNlIiwKICAgICAgInRyYW5zYWN0aW9uSUQiIDogIjcxMDQzNzdkLTA0YjQtNDA2My05YzVmLTQ5ZTgwYWQ3NDNlMCIKICAgfSwKICAgInByb3RvY29sIiA6ICIzRFNlY3VyZSIsCiAgICJzdGF0dXMiIDogImF1dGhlbnRpY2F0ZWQiLAogICAidmVyc2lvbiIgOiAiMi4xLjAiCn0K","MAC":"22A3A1F6C9901EBA0E8BB93B28FDE80048BBABE9"}  
[2024-01-30 19:37:26] production.INFO: {"TPE":"7255424","date":"30\/01\/2024_a_19:37:25","montant":"52EUR","reference":"MV6WVY14WX","texte-libre":null,"code-retour":"paiement","cvx":"oui","vld":"0526","brand":"CB","numauto":"347451","usage":"credit","typecompte":"particulier","ecard":"non","originecb":"FRA","bincb":"49727822","hpancb":"5AEAE50B030284C804EEA693D003B12F9677B27A","ipclient":"90.105.95.224","originetr":"FRA","cbmasquee":"49727822******74","modepaiement":"CB","authentification":"ewogICAiZGV0YWlscyIgOiB7CiAgICAgICJBUmVzIiA6ICJDIiwKICAgICAgIkNSZXMiIDogIlkiLAogICAgICAibGlhYmlsaXR5U2hpZnQiIDogIlkiLAogICAgICAibWVyY2hhbnRQcmVmZXJlbmNlIiA6ICJub19wcmVmZXJlbmNlIiwKICAgICAgInRyYW5zYWN0aW9uSUQiIDogIjEyMDlhOGM1LTY5MDgtNGVkMC05ZDM1LWRmMWJiZThkYzlmMSIKICAgfSwKICAgInByb3RvY29sIiA6ICIzRFNlY3VyZSIsCiAgICJzdGF0dXMiIDogImF1dGhlbnRpY2F0ZWQiLAogICAidmVyc2lvbiIgOiAiMi4xLjAiCn0K","MAC":"D7B656C869BE420E559F0D241B23969360D78B01"}  
[2024-01-30 19:39:23] production.INFO: {"TPE":"7255424","date":"30\/01\/2024_a_19:39:22","montant":"13EUR","reference":"K5652QV6ZE","texte-libre":null,"code-retour":"paiement","cvx":"oui","vld":"1027","brand":"VI","numauto":"116931","usage":"debit","typecompte":"particulier","ecard":"non","originecb":"FRA","bincb":"41653876","hpancb":"9892CF00232787894946B76B5EC3F90DDD459362","ipclient":"176.186.21.253","originetr":"FRA","cbmasquee":"41653876******89","modepaiement":"CB","authentification":"ewogICAiZGV0YWlscyIgOiB7CiAgICAgICJBUmVzIiA6ICJDIiwKICAgICAgIkNSZXMiIDogIlkiLAogICAgICAibGlhYmlsaXR5U2hpZnQiIDogIlkiLAogICAgICAibWVyY2hhbnRQcmVmZXJlbmNlIiA6ICJub19wcmVmZXJlbmNlIiwKICAgICAgInRyYW5zYWN0aW9uSUQiIDogIjdkM2U3NTg2LTBhMDktNGFjNi1iODU2LTgyMDI4OTRkOTRjNyIKICAgfSwKICAgInByb3RvY29sIiA6ICIzRFNlY3VyZSIsCiAgICJzdGF0dXMiIDogImF1dGhlbnRpY2F0ZWQiLAogICAidmVyc2lvbiIgOiAiMi4xLjAiCn0K","MAC":"C3FB4F4E45F112AE2068821BF4ACA0B0A4A20702"}  
[2024-01-30 19:45:22] production.INFO: {"TPE":"7255424","date":"30\/01\/2024_a_19:45:21","montant":"40EUR","reference":"MG8VWYO472","texte-libre":null,"code-retour":"paiement","cvx":"oui","vld":"0526","brand":"CB","numauto":"347301","usage":"credit","typecompte":"particulier","ecard":"non","originecb":"FRA","bincb":"49727822","hpancb":"5AEAE50B030284C804EEA693D003B12F9677B27A","ipclient":"90.105.95.224","originetr":"FRA","cbmasquee":"49727822******74","modepaiement":"CB","authentification":"ewogICAiZGV0YWlscyIgOiB7CiAgICAgICJBUmVzIiA6ICJDIiwKICAgICAgIkNSZXMiIDogIlkiLAogICAgICAibGlhYmlsaXR5U2hpZnQiIDogIlkiLAogICAgICAibWVyY2hhbnRQcmVmZXJlbmNlIiA6ICJub19wcmVmZXJlbmNlIiwKICAgICAgInRyYW5zYWN0aW9uSUQiIDogImRjZGE5NDZjLWI5YTgtNDVjYi1iMTE3LTVmNTUxNTQ1MTEyMiIKICAgfSwKICAgInByb3RvY29sIiA6ICIzRFNlY3VyZSIsCiAgICJzdGF0dXMiIDogImF1dGhlbnRpY2F0ZWQiLAogICAidmVyc2lvbiIgOiAiMi4xLjAiCn0K","MAC":"B5191404F7E38DD8D2DE5BA3AB196309447A8400"}  
[2024-01-30 22:39:58] production.ERROR: Server error: `GET https://ws.cselignes.com?methode=getcommanddetail&data=%7B%22auth%22:%7B%22id%22:%22PRESENCE%22,%22password%22:%2284IK3DFR%22%7D,%22ref_commande%22:%22UBG-53573452510416%22%7D` resulted in a `500 Internal Server Error` response {"exception":"[object] (GuzzleHttp\\Exception\\ServerException(code: 500): Server error: `GET https://ws.cselignes.com?methode=getcommanddetail&data=%7B%22auth%22:%7B%22id%22:%22PRESENCE%22,%22password%22:%2284IK3DFR%22%7D,%22ref_commande%22:%22UBG-53573452510416%22%7D` resulted in a `500 Internal Server Error` response at /home/xhuv4202/boassur/vendor/guzzlehttp/guzzle/src/Exception/RequestException.php:113)
[stacktrace]
#0 /home/xhuv4202/boassur/vendor/guzzlehttp/guzzle/src/Middleware.php(72): GuzzleHttp\\Exception\\RequestException::create()
#1 /home/xhuv4202/boassur/vendor/guzzlehttp/promises/src/Promise.php(209): GuzzleHttp\\Middleware::GuzzleHttp\\{closure}()
#2 /home/xhuv4202/boassur/vendor/guzzlehttp/promises/src/Promise.php(158): GuzzleHttp\\Promise\\Promise::callHandler()
#3 /home/xhuv4202/boassur/vendor/guzzlehttp/promises/src/TaskQueue.php(52): GuzzleHttp\\Promise\\Promise::GuzzleHttp\\Promise\\{closure}()
#4 /home/xhuv4202/boassur/vendor/guzzlehttp/promises/src/Promise.php(251): GuzzleHttp\\Promise\\TaskQueue->run()
#5 /home/xhuv4202/boassur/vendor/guzzlehttp/promises/src/Promise.php(227): GuzzleHttp\\Promise\\Promise->invokeWaitFn()
#6 /home/xhuv4202/boassur/vendor/guzzlehttp/promises/src/Promise.php(272): GuzzleHttp\\Promise\\Promise->waitIfPending()
#7 /home/xhuv4202/boassur/vendor/guzzlehttp/promises/src/Promise.php(229): GuzzleHttp\\Promise\\Promise->invokeWaitList()
#8 /home/xhuv4202/boassur/vendor/guzzlehttp/promises/src/Promise.php(69): GuzzleHttp\\Promise\\Promise->waitIfPending()
#9 /home/xhuv4202/boassur/vendor/guzzlehttp/guzzle/src/Client.php(189): GuzzleHttp\\Promise\\Promise->wait()
#10 /home/xhuv4202/boassur/app/Http/Controllers/Api/CseController.php(34): GuzzleHttp\\Client->request()
#11 /home/xhuv4202/boassur/vendor/laravel/framework/src/Illuminate/Routing/Controller.php(54): App\\Http\\Controllers\\Api\\CseController->voyage()
#12 /home/xhuv4202/boassur/vendor/laravel/framework/src/Illuminate/Routing/ControllerDispatcher.php(43): Illuminate\\Routing\\Controller->callAction()
#13 /home/xhuv4202/boassur/vendor/laravel/framework/src/Illuminate/Routing/Route.php(260): Illuminate\\Routing\\ControllerDispatcher->dispatch()
#14 /home/xhuv4202/boassur/vendor/laravel/framework/src/Illuminate/Routing/Route.php(205): Illuminate\\Routing\\Route->runController()
#15 /home/xhuv4202/boassur/vendor/laravel/framework/src/Illuminate/Routing/Router.php(798): Illuminate\\Routing\\Route->run()
#16 /home/xhuv4202/boassur/vendor/laravel/framework/src/Illuminate/Pipeline/Pipeline.php(141): Illuminate\\Routing\\Router->Illuminate\\Routing\\{closure}()
#17 /home/xhuv4202/boassur/vendor/laravel/framework/src/Illuminate/Routing/Middleware/SubstituteBindings.php(50): Illuminate\\Pipeline\\Pipeline->Illuminate\\Pipeline\\{closure}()
#18 /home/xhuv4202/boassur/vendor/laravel/framework/src/Illuminate/Pipeline/Pipeline.php(180): Illuminate\\Routing\\Middleware\\SubstituteBindings->handle()
#19 /home/xhuv4202/boassur/vendor/laravel/framework/src/Illuminate/Routing/Middleware/ThrottleRequests.php(126): Illuminate\\Pipeline\\Pipeline->Illuminate\\Pipeline\\{closure}()
#20 /home/xhuv4202/boassur/vendor/laravel/framework/src/Illuminate/Routing/Middleware/ThrottleRequests.php(102): Illuminate\\Routing\\Middleware\\ThrottleRequests->handleRequest()
#21 /home/xhuv4202/boassur/vendor/laravel/framework/src/Illuminate/Routing/Middleware/ThrottleRequests.php(54): Illuminate\\Routing\\Middleware\\ThrottleRequests->handleRequestUsingNamedLimiter()
#22 /home/xhuv4202/boassur/vendor/laravel/framework/src/Illuminate/Pipeline/Pipeline.php(180): Illuminate\\Routing\\Middleware\\ThrottleRequests->handle()
#23 /home/xhuv4202/boassur/vendor/laravel/framework/src/Illuminate/Pipeline/Pipeline.php(116): Illuminate\\Pipeline\\Pipeline->Illuminate\\Pipeline\\{closure}()
#24 /home/xhuv4202/boassur/vendor/laravel/framework/src/Illuminate/Routing/Router.php(799): Illuminate\\Pipeline\\Pipeline->then()
#25 /home/xhuv4202/boassur/vendor/laravel/framework/src/Illuminate/Routing/Router.php(776): Illuminate\\Routing\\Router->runRouteWithinStack()
#26 /home/xhuv4202/boassur/vendor/laravel/framework/src/Illuminate/Routing/Router.php(740): Illuminate\\Routing\\Router->runRoute()
#27 /home/xhuv4202/boassur/vendor/laravel/framework/src/Illuminate/Routing/Router.php(729): Illuminate\\Routing\\Router->dispatchToRoute()
#28 /home/xhuv4202/boassur/vendor/laravel/framework/src/Illuminate/Foundation/Http/Kernel.php(190): Illuminate\\Routing\\Router->dispatch()
#29 /home/xhuv4202/boassur/vendor/laravel/framework/src/Illuminate/Pipeline/Pipeline.php(141): Illuminate\\Foundation\\Http\\Kernel->Illuminate\\Foundation\\Http\\{closure}()
#30 /home/xhuv4202/boassur/vendor/livewire/livewire/src/DisableBrowserCache.php(19): Illuminate\\Pipeline\\Pipeline->Illuminate\\Pipeline\\{closure}()
#31 /home/xhuv4202/boassur/vendor/laravel/framework/src/Illuminate/Pipeline/Pipeline.php(180): Livewire\\DisableBrowserCache->handle()
#32 /home/xhuv4202/boassur/vendor/laravel/framework/src/Illuminate/Foundation/Http/Middleware/TransformsRequest.php(21): Illuminate\\Pipeline\\Pipeline->Illuminate\\Pipeline\\{closure}()
#33 /home/xhuv4202/boassur/vendor/laravel/framework/src/Illuminate/Foundation/Http/Middleware/ConvertEmptyStringsToNull.php(31): Illuminate\\Foundation\\Http\\Middleware\\TransformsRequest->handle()
#34 /home/xhuv4202/boassur/vendor/laravel/framework/src/Illuminate/Pipeline/Pipeline.php(180): Illuminate\\Foundation\\Http\\Middleware\\ConvertEmptyStringsToNull->handle()
#35 /home/xhuv4202/boassur/vendor/laravel/framework/src/Illuminate/Foundation/Http/Middleware/TransformsRequest.php(21): Illuminate\\Pipeline\\Pipeline->Illuminate\\Pipeline\\{closure}()
#36 /home/xhuv4202/boassur/vendor/laravel/framework/src/Illuminate/Foundation/Http/Middleware/TrimStrings.php(40): Illuminate\\Foundation\\Http\\Middleware\\TransformsRequest->handle()
#37 /home/xhuv4202/boassur/vendor/laravel/framework/src/Illuminate/Pipeline/Pipeline.php(180): Illuminate\\Foundation\\Http\\Middleware\\TrimStrings->handle()
#38 /home/xhuv4202/boassur/vendor/laravel/framework/src/Illuminate/Foundation/Http/Middleware/ValidatePostSize.php(27): Illuminate\\Pipeline\\Pipeline->Illuminate\\Pipeline\\{closure}()
#39 /home/xhuv4202/boassur/vendor/laravel/framework/src/Illuminate/Pipeline/Pipeline.php(180): Illuminate\\Foundation\\Http\\Middleware\\ValidatePostSize->handle()
#40 /home/xhuv4202/boassur/vendor/laravel/framework/src/Illuminate/Foundation/Http/Middleware/PreventRequestsDuringMaintenance.php(86): Illuminate\\Pipeline\\Pipeline->Illuminate\\Pipeline\\{closure}()
#41 /home/xhuv4202/boassur/vendor/laravel/framework/src/Illuminate/Pipeline/Pipeline.php(180): Illuminate\\Foundation\\Http\\Middleware\\PreventRequestsDuringMaintenance->handle()
#42 /home/xhuv4202/boassur/vendor/fruitcake/laravel-cors/src/HandleCors.php(52): Illuminate\\Pipeline\\Pipeline->Illuminate\\Pipeline\\{closure}()
#43 /home/xhuv4202/boassur/vendor/laravel/framework/src/Illuminate/Pipeline/Pipeline.php(180): Fruitcake\\Cors\\HandleCors->handle()
#44 /home/xhuv4202/boassur/vendor/laravel/framework/src/Illuminate/Http/Middleware/TrustProxies.php(39): Illuminate\\Pipeline\\Pipeline->Illuminate\\Pipeline\\{closure}()
#45 /home/xhuv4202/boassur/vendor/laravel/framework/src/Illuminate/Pipeline/Pipeline.php(180): Illuminate\\Http\\Middleware\\TrustProxies->handle()
#46 /home/xhuv4202/boassur/vendor/laravel/framework/src/Illuminate/Pipeline/Pipeline.php(116): Illuminate\\Pipeline\\Pipeline->Illuminate\\Pipeline\\{closure}()
#47 /home/xhuv4202/boassur/vendor/laravel/framework/src/Illuminate/Foundation/Http/Kernel.php(165): Illuminate\\Pipeline\\Pipeline->then()
#48 /home/xhuv4202/boassur/vendor/laravel/framework/src/Illuminate/Foundation/Http/Kernel.php(134): Illuminate\\Foundation\\Http\\Kernel->sendRequestThroughRouter()
#49 /home/xhuv4202/boassur/public/index.php(52): Illuminate\\Foundation\\Http\\Kernel->handle()
#50 {main}
"} 
