[2024-02-04 15:03:41] production.INFO: {"TPE":"7255424","date":"04\/02\/2024_a_15:03:40","montant":"50EUR","reference":"W24329N8M3","texte-libre":null,"code-retour":"Annulation","cvx":"oui","vld":"0824","brand":"CB","motifrefus":"Interdit","motifrefusautorisation":"Refus emetteur","usage":"credit","typecompte":"particulier","ecard":"non","originecb":"FRA","bincb":"51310848","hpancb":"CD50CAA07E6ACE5A626B760B0F63EFE364AE7F4C","ipclient":"88.180.100.80","originetr":"FRA","cbmasquee":"51310848******03","modepaiement":"CB","authentification":"ewogICAiZGV0YWlscyIgOiB7CiAgICAgICJBUmVzIiA6ICJDIiwKICAgICAgIkNSZXMiIDogIlkiLAogICAgICAibGlhYmlsaXR5U2hpZnQiIDogIk5BIiwKICAgICAgIm1lcmNoYW50UHJlZmVyZW5jZSIgOiAibm9fcHJlZmVyZW5jZSIsCiAgICAgICJ0cmFuc2FjdGlvbklEIiA6ICI1NmRhMTIwOC0wYzQ1LTQ1Y2ItYjU5Zi1hNDdlMzhhYjNiMTkiCiAgIH0sCiAgICJwcm90b2NvbCIgOiAiM0RTZWN1cmUiLAogICAic3RhdHVzIiA6ICJhdXRoZW50aWNhdGVkIiwKICAgInZlcnNpb24iIDogIjIuMS4wIgp9Cg==","MAC":"B2F29242F48AD3904D22CE1E9E9B72AFACAB82C6"}  
[2024-02-04 15:03:41] production.ERROR: Callback Monetico MAC {"TPE":"7255424","date":"04/02/2024_a_15:03:40","montant":"50EUR","reference":"W24329N8M3","texte-libre":null,"code-retour":"Annulation","cvx":"oui","vld":"0824","brand":"CB","motifrefus":"Interdit","motifrefusautorisation":"Refus emetteur","usage":"credit","typecompte":"particulier","ecard":"non","originecb":"FRA","bincb":"51310848","hpancb":"CD50CAA07E6ACE5A626B760B0F63EFE364AE7F4C","ipclient":"88.180.100.80","originetr":"FRA","cbmasquee":"51310848******03","modepaiement":"CB","authentification":"ewogICAiZGV0YWlscyIgOiB7CiAgICAgICJBUmVzIiA6ICJDIiwKICAgICAgIkNSZXMiIDogIlkiLAogICAgICAibGlhYmlsaXR5U2hpZnQiIDogIk5BIiwKICAgICAgIm1lcmNoYW50UHJlZmVyZW5jZSIgOiAibm9fcHJlZmVyZW5jZSIsCiAgICAgICJ0cmFuc2FjdGlvbklEIiA6ICI1NmRhMTIwOC0wYzQ1LTQ1Y2ItYjU5Zi1hNDdlMzhhYjNiMTkiCiAgIH0sCiAgICJwcm90b2NvbCIgOiAiM0RTZWN1cmUiLAogICAic3RhdHVzIiA6ICJhdXRoZW50aWNhdGVkIiwKICAgInZlcnNpb24iIDogIjIuMS4wIgp9Cg==","MAC":"B2F29242F48AD3904D22CE1E9E9B72AFACAB82C6"} 
[2024-02-04 16:37:36] production.INFO: {"TPE":"7255424","date":"04\/02\/2024_a_16:37:35","montant":"60EUR","reference":"078R05562W","texte-libre":null,"code-retour":"paiement","cvx":"oui","vld":"0925","brand":"VI","numauto":"636137","usage":"inconnu","typecompte":"particulier","ecard":"non","originecb":"FRA","bincb":"49717100","hpancb":"C6E3297B82C3E0D6DCA62C51F6C34C9449FB9AFB","ipclient":"88.175.226.177","originetr":"FRA","cbmasquee":"49717100******32","modepaiement":"CB","authentification":"ewogICAiZGV0YWlscyIgOiB7CiAgICAgICJBUmVzIiA6ICJDIiwKICAgICAgIkNSZXMiIDogIlkiLAogICAgICAibGlhYmlsaXR5U2hpZnQiIDogIlkiLAogICAgICAibWVyY2hhbnRQcmVmZXJlbmNlIiA6ICJub19wcmVmZXJlbmNlIiwKICAgICAgInRyYW5zYWN0aW9uSUQiIDogIjY4MzA1NzA2LTg5OTItNGM0NS1iMzg3LWU5ZWIyNjRlZWRlOCIKICAgfSwKICAgInByb3RvY29sIiA6ICIzRFNlY3VyZSIsCiAgICJzdGF0dXMiIDogImF1dGhlbnRpY2F0ZWQiLAogICAidmVyc2lvbiIgOiAiMi4xLjAiCn0K","MAC":"10D66AB24362B0BB4F7798BD3CB1315629AD3EC9"}  
[2024-02-04 17:25:22] production.INFO: {"TPE":"7255424","date":"04\/02\/2024_a_17:25:21","montant":"35EUR","reference":"W56GKJW8LD","texte-libre":null,"code-retour":"paiement","cvx":"oui","vld":"0125","brand":"CB","numauto":"110224","usage":"debit","typecompte":"particulier","ecard":"non","originecb":"FRA","bincb":"49720298","hpancb":"168EC14AC1E8FA02B910A20EF853ABF23F2807B6","ipclient":"82.125.198.239","originetr":"FRA","cbmasquee":"49720298******18","modepaiement":"CB","authentification":"ewogICAiZGV0YWlscyIgOiB7CiAgICAgICJBUmVzIiA6ICJDIiwKICAgICAgIkNSZXMiIDogIlkiLAogICAgICAibGlhYmlsaXR5U2hpZnQiIDogIlkiLAogICAgICAibWVyY2hhbnRQcmVmZXJlbmNlIiA6ICJub19wcmVmZXJlbmNlIiwKICAgICAgInRyYW5zYWN0aW9uSUQiIDogIjIwMDJlMTA3LTU4OTAtNDYzZC1iNmEzLTE1NWMwYzBiZGU1ZiIKICAgfSwKICAgInByb3RvY29sIiA6ICIzRFNlY3VyZSIsCiAgICJzdGF0dXMiIDogImF1dGhlbnRpY2F0ZWQiLAogICAidmVyc2lvbiIgOiAiMi4xLjAiCn0K","MAC":"DC37E5AF752D87053C8B5B903989ED687454CA19"}  
[2024-02-04 18:49:28] production.INFO: {"TPE":"7255424","date":"04\/02\/2024_a_18:49:27","montant":"75EUR","reference":"L74NP518ZN","texte-libre":null,"code-retour":"paiement","cvx":"oui","vld":"1025","brand":"CB","numauto":"365156","usage":"credit","typecompte":"particulier","ecard":"non","originecb":"FRA","bincb":"49776210","hpancb":"2EBBB857B15DC8D01B46C951C4E805D03FC4C8B3","ipclient":"90.91.70.144","originetr":"FRA","cbmasquee":"49776210******45","modepaiement":"CB","authentification":"ewogICAiZGV0YWlscyIgOiB7CiAgICAgICJBUmVzIiA6ICJDIiwKICAgICAgIkNSZXMiIDogIlkiLAogICAgICAibGlhYmlsaXR5U2hpZnQiIDogIlkiLAogICAgICAibWVyY2hhbnRQcmVmZXJlbmNlIiA6ICJub19wcmVmZXJlbmNlIiwKICAgICAgInRyYW5zYWN0aW9uSUQiIDogIjk0NmU5OGMzLWVmNGYtNGU0Mi1hYjVjLTA2MDFkNmE5MWIyNyIKICAgfSwKICAgInByb3RvY29sIiA6ICIzRFNlY3VyZSIsCiAgICJzdGF0dXMiIDogImF1dGhlbnRpY2F0ZWQiLAogICAidmVyc2lvbiIgOiAiMi4xLjAiCn0K","MAC":"DF38797D07162759262672910F196CE0CA28B89F"}  
[2024-02-04 19:11:26] production.INFO: {"TPE":"7255424","date":"04\/02\/2024_a_19:11:25","montant":"17EUR","reference":"7D6KR5Y8GK","texte-libre":null,"code-retour":"paiement","cvx":"oui","vld":"0626","brand":"CB","numauto":"674742","usage":"debit","typecompte":"particulier","ecard":"non","originecb":"FRA","bincb":"51338097","hpancb":"3BD6E228FE4CB7C869E932E171A76BB3522A1854","ipclient":"88.165.158.126","originetr":"FRA","cbmasquee":"51338097******10","modepaiement":"CB","authentification":"ewogICAiZGV0YWlscyIgOiB7CiAgICAgICJBUmVzIiA6ICJZIiwKICAgICAgImxpYWJpbGl0eVNoaWZ0IiA6ICJZIiwKICAgICAgIm1lcmNoYW50UHJlZmVyZW5jZSIgOiAibm9fcHJlZmVyZW5jZSIsCiAgICAgICJ0cmFuc2FjdGlvbklEIiA6ICIxNjZjMDU3YS0zOGRkLTQyZWEtOGYwZi01MzlmOWJhYmMxOGQiCiAgIH0sCiAgICJwcm90b2NvbCIgOiAiM0RTZWN1cmUiLAogICAic3RhdHVzIiA6ICJhdXRoZW50aWNhdGVkIiwKICAgInZlcnNpb24iIDogIjIuMS4wIgp9Cg==","MAC":"BE02A54CB31BAC7667813F58232C4AD72CA5B76B"}  
[2024-02-04 19:54:13] production.ERROR: Server error: `GET https://ws.cselignes.com?methode=getcommanddetail&data=%7B%22auth%22:%7B%22id%22:%22PRESENCE%22,%22password%22:%2284IK3DFR%22%7D,%22ref_commande%22:%22T-20240204290659%22%7D` resulted in a `500 Internal Server Error` response {"exception":"[object] (GuzzleHttp\\Exception\\ServerException(code: 500): Server error: `GET https://ws.cselignes.com?methode=getcommanddetail&data=%7B%22auth%22:%7B%22id%22:%22PRESENCE%22,%22password%22:%2284IK3DFR%22%7D,%22ref_commande%22:%22T-20240204290659%22%7D` resulted in a `500 Internal Server Error` response at /home/xhuv4202/boassur/vendor/guzzlehttp/guzzle/src/Exception/RequestException.php:113)
[stacktrace]
#0 /home/xhuv4202/boassur/vendor/guzzlehttp/guzzle/src/Middleware.php(72): GuzzleHttp\\Exception\\RequestException::create()
#1 /home/xhuv4202/boassur/vendor/guzzlehttp/promises/src/Promise.php(209): GuzzleHttp\\Middleware::GuzzleHttp\\{closure}()
#2 /home/xhuv4202/boassur/vendor/guzzlehttp/promises/src/Promise.php(158): GuzzleHttp\\Promise\\Promise::callHandler()
#3 /home/xhuv4202/boassur/vendor/guzzlehttp/promises/src/TaskQueue.php(52): GuzzleHttp\\Promise\\Promise::GuzzleHttp\\Promise\\{closure}()
#4 /home/xhuv4202/boassur/vendor/guzzlehttp/promises/src/Promise.php(251): GuzzleHttp\\Promise\\TaskQueue->run()
#5 /home/xhuv4202/boassur/vendor/guzzlehttp/promises/src/Promise.php(227): GuzzleHttp\\Promise\\Promise->invokeWaitFn()
#6 /home/xhuv4202/boassur/vendor/guzzlehttp/promises/src/Promise.php(272): GuzzleHttp\\Promise\\Promise->waitIfPending()
#7 /home/xhuv4202/boassur/vendor/guzzlehttp/promises/src/Promise.php(229): GuzzleHttp\\Promise\\Promise->invokeWaitList()
#8 /home/xhuv4202/boassur/vendor/guzzlehttp/promises/src/Promise.php(69): GuzzleHttp\\Promise\\Promise->waitIfPending()
#9 /home/xhuv4202/boassur/vendor/guzzlehttp/guzzle/src/Client.php(189): GuzzleHttp\\Promise\\Promise->wait()
#10 /home/xhuv4202/boassur/app/Http/Controllers/Api/CseController.php(34): GuzzleHttp\\Client->request()
#11 /home/xhuv4202/boassur/vendor/laravel/framework/src/Illuminate/Routing/Controller.php(54): App\\Http\\Controllers\\Api\\CseController->voyage()
#12 /home/xhuv4202/boassur/vendor/laravel/framework/src/Illuminate/Routing/ControllerDispatcher.php(43): Illuminate\\Routing\\Controller->callAction()
#13 /home/xhuv4202/boassur/vendor/laravel/framework/src/Illuminate/Routing/Route.php(260): Illuminate\\Routing\\ControllerDispatcher->dispatch()
#14 /home/xhuv4202/boassur/vendor/laravel/framework/src/Illuminate/Routing/Route.php(205): Illuminate\\Routing\\Route->runController()
#15 /home/xhuv4202/boassur/vendor/laravel/framework/src/Illuminate/Routing/Router.php(798): Illuminate\\Routing\\Route->run()
#16 /home/xhuv4202/boassur/vendor/laravel/framework/src/Illuminate/Pipeline/Pipeline.php(141): Illuminate\\Routing\\Router->Illuminate\\Routing\\{closure}()
#17 /home/xhuv4202/boassur/vendor/laravel/framework/src/Illuminate/Routing/Middleware/SubstituteBindings.php(50): Illuminate\\Pipeline\\Pipeline->Illuminate\\Pipeline\\{closure}()
#18 /home/xhuv4202/boassur/vendor/laravel/framework/src/Illuminate/Pipeline/Pipeline.php(180): Illuminate\\Routing\\Middleware\\SubstituteBindings->handle()
#19 /home/xhuv4202/boassur/vendor/laravel/framework/src/Illuminate/Routing/Middleware/ThrottleRequests.php(126): Illuminate\\Pipeline\\Pipeline->Illuminate\\Pipeline\\{closure}()
#20 /home/xhuv4202/boassur/vendor/laravel/framework/src/Illuminate/Routing/Middleware/ThrottleRequests.php(102): Illuminate\\Routing\\Middleware\\ThrottleRequests->handleRequest()
#21 /home/xhuv4202/boassur/vendor/laravel/framework/src/Illuminate/Routing/Middleware/ThrottleRequests.php(54): Illuminate\\Routing\\Middleware\\ThrottleRequests->handleRequestUsingNamedLimiter()
#22 /home/xhuv4202/boassur/vendor/laravel/framework/src/Illuminate/Pipeline/Pipeline.php(180): Illuminate\\Routing\\Middleware\\ThrottleRequests->handle()
#23 /home/xhuv4202/boassur/vendor/laravel/framework/src/Illuminate/Pipeline/Pipeline.php(116): Illuminate\\Pipeline\\Pipeline->Illuminate\\Pipeline\\{closure}()
#24 /home/xhuv4202/boassur/vendor/laravel/framework/src/Illuminate/Routing/Router.php(799): Illuminate\\Pipeline\\Pipeline->then()
#25 /home/xhuv4202/boassur/vendor/laravel/framework/src/Illuminate/Routing/Router.php(776): Illuminate\\Routing\\Router->runRouteWithinStack()
#26 /home/xhuv4202/boassur/vendor/laravel/framework/src/Illuminate/Routing/Router.php(740): Illuminate\\Routing\\Router->runRoute()
#27 /home/xhuv4202/boassur/vendor/laravel/framework/src/Illuminate/Routing/Router.php(729): Illuminate\\Routing\\Router->dispatchToRoute()
#28 /home/xhuv4202/boassur/vendor/laravel/framework/src/Illuminate/Foundation/Http/Kernel.php(190): Illuminate\\Routing\\Router->dispatch()
#29 /home/xhuv4202/boassur/vendor/laravel/framework/src/Illuminate/Pipeline/Pipeline.php(141): Illuminate\\Foundation\\Http\\Kernel->Illuminate\\Foundation\\Http\\{closure}()
#30 /home/xhuv4202/boassur/vendor/livewire/livewire/src/DisableBrowserCache.php(19): Illuminate\\Pipeline\\Pipeline->Illuminate\\Pipeline\\{closure}()
#31 /home/xhuv4202/boassur/vendor/laravel/framework/src/Illuminate/Pipeline/Pipeline.php(180): Livewire\\DisableBrowserCache->handle()
#32 /home/xhuv4202/boassur/vendor/laravel/framework/src/Illuminate/Foundation/Http/Middleware/TransformsRequest.php(21): Illuminate\\Pipeline\\Pipeline->Illuminate\\Pipeline\\{closure}()
#33 /home/xhuv4202/boassur/vendor/laravel/framework/src/Illuminate/Foundation/Http/Middleware/ConvertEmptyStringsToNull.php(31): Illuminate\\Foundation\\Http\\Middleware\\TransformsRequest->handle()
#34 /home/xhuv4202/boassur/vendor/laravel/framework/src/Illuminate/Pipeline/Pipeline.php(180): Illuminate\\Foundation\\Http\\Middleware\\ConvertEmptyStringsToNull->handle()
#35 /home/xhuv4202/boassur/vendor/laravel/framework/src/Illuminate/Foundation/Http/Middleware/TransformsRequest.php(21): Illuminate\\Pipeline\\Pipeline->Illuminate\\Pipeline\\{closure}()
#36 /home/xhuv4202/boassur/vendor/laravel/framework/src/Illuminate/Foundation/Http/Middleware/TrimStrings.php(40): Illuminate\\Foundation\\Http\\Middleware\\TransformsRequest->handle()
#37 /home/xhuv4202/boassur/vendor/laravel/framework/src/Illuminate/Pipeline/Pipeline.php(180): Illuminate\\Foundation\\Http\\Middleware\\TrimStrings->handle()
#38 /home/xhuv4202/boassur/vendor/laravel/framework/src/Illuminate/Foundation/Http/Middleware/ValidatePostSize.php(27): Illuminate\\Pipeline\\Pipeline->Illuminate\\Pipeline\\{closure}()
#39 /home/xhuv4202/boassur/vendor/laravel/framework/src/Illuminate/Pipeline/Pipeline.php(180): Illuminate\\Foundation\\Http\\Middleware\\ValidatePostSize->handle()
#40 /home/xhuv4202/boassur/vendor/laravel/framework/src/Illuminate/Foundation/Http/Middleware/PreventRequestsDuringMaintenance.php(86): Illuminate\\Pipeline\\Pipeline->Illuminate\\Pipeline\\{closure}()
#41 /home/xhuv4202/boassur/vendor/laravel/framework/src/Illuminate/Pipeline/Pipeline.php(180): Illuminate\\Foundation\\Http\\Middleware\\PreventRequestsDuringMaintenance->handle()
#42 /home/xhuv4202/boassur/vendor/fruitcake/laravel-cors/src/HandleCors.php(52): Illuminate\\Pipeline\\Pipeline->Illuminate\\Pipeline\\{closure}()
#43 /home/xhuv4202/boassur/vendor/laravel/framework/src/Illuminate/Pipeline/Pipeline.php(180): Fruitcake\\Cors\\HandleCors->handle()
#44 /home/xhuv4202/boassur/vendor/laravel/framework/src/Illuminate/Http/Middleware/TrustProxies.php(39): Illuminate\\Pipeline\\Pipeline->Illuminate\\Pipeline\\{closure}()
#45 /home/xhuv4202/boassur/vendor/laravel/framework/src/Illuminate/Pipeline/Pipeline.php(180): Illuminate\\Http\\Middleware\\TrustProxies->handle()
#46 /home/xhuv4202/boassur/vendor/laravel/framework/src/Illuminate/Pipeline/Pipeline.php(116): Illuminate\\Pipeline\\Pipeline->Illuminate\\Pipeline\\{closure}()
#47 /home/xhuv4202/boassur/vendor/laravel/framework/src/Illuminate/Foundation/Http/Kernel.php(165): Illuminate\\Pipeline\\Pipeline->then()
#48 /home/xhuv4202/boassur/vendor/laravel/framework/src/Illuminate/Foundation/Http/Kernel.php(134): Illuminate\\Foundation\\Http\\Kernel->sendRequestThroughRouter()
#49 /home/xhuv4202/boassur/public/index.php(52): Illuminate\\Foundation\\Http\\Kernel->handle()
#50 {main}
"} 
[2024-02-04 20:10:43] production.ERROR: Server error: `GET https://ws.cselignes.com?methode=getcommanddetail&data=%7B%22auth%22:%7B%22id%22:%22PRESENCE%22,%22password%22:%2284IK3DFR%22%7D,%22ref_commande%22:%22UBG-53564563505422%22%7D` resulted in a `500 Internal Server Error` response {"exception":"[object] (GuzzleHttp\\Exception\\ServerException(code: 500): Server error: `GET https://ws.cselignes.com?methode=getcommanddetail&data=%7B%22auth%22:%7B%22id%22:%22PRESENCE%22,%22password%22:%2284IK3DFR%22%7D,%22ref_commande%22:%22UBG-53564563505422%22%7D` resulted in a `500 Internal Server Error` response at /home/xhuv4202/boassur/vendor/guzzlehttp/guzzle/src/Exception/RequestException.php:113)
[stacktrace]
#0 /home/xhuv4202/boassur/vendor/guzzlehttp/guzzle/src/Middleware.php(72): GuzzleHttp\\Exception\\RequestException::create()
#1 /home/xhuv4202/boassur/vendor/guzzlehttp/promises/src/Promise.php(209): GuzzleHttp\\Middleware::GuzzleHttp\\{closure}()
#2 /home/xhuv4202/boassur/vendor/guzzlehttp/promises/src/Promise.php(158): GuzzleHttp\\Promise\\Promise::callHandler()
#3 /home/xhuv4202/boassur/vendor/guzzlehttp/promises/src/TaskQueue.php(52): GuzzleHttp\\Promise\\Promise::GuzzleHttp\\Promise\\{closure}()
#4 /home/xhuv4202/boassur/vendor/guzzlehttp/promises/src/Promise.php(251): GuzzleHttp\\Promise\\TaskQueue->run()
#5 /home/xhuv4202/boassur/vendor/guzzlehttp/promises/src/Promise.php(227): GuzzleHttp\\Promise\\Promise->invokeWaitFn()
#6 /home/xhuv4202/boassur/vendor/guzzlehttp/promises/src/Promise.php(272): GuzzleHttp\\Promise\\Promise->waitIfPending()
#7 /home/xhuv4202/boassur/vendor/guzzlehttp/promises/src/Promise.php(229): GuzzleHttp\\Promise\\Promise->invokeWaitList()
#8 /home/xhuv4202/boassur/vendor/guzzlehttp/promises/src/Promise.php(69): GuzzleHttp\\Promise\\Promise->waitIfPending()
#9 /home/xhuv4202/boassur/vendor/guzzlehttp/guzzle/src/Client.php(189): GuzzleHttp\\Promise\\Promise->wait()
#10 /home/xhuv4202/boassur/app/Http/Controllers/Api/CseController.php(34): GuzzleHttp\\Client->request()
#11 /home/xhuv4202/boassur/vendor/laravel/framework/src/Illuminate/Routing/Controller.php(54): App\\Http\\Controllers\\Api\\CseController->voyage()
#12 /home/xhuv4202/boassur/vendor/laravel/framework/src/Illuminate/Routing/ControllerDispatcher.php(43): Illuminate\\Routing\\Controller->callAction()
#13 /home/xhuv4202/boassur/vendor/laravel/framework/src/Illuminate/Routing/Route.php(260): Illuminate\\Routing\\ControllerDispatcher->dispatch()
#14 /home/xhuv4202/boassur/vendor/laravel/framework/src/Illuminate/Routing/Route.php(205): Illuminate\\Routing\\Route->runController()
#15 /home/xhuv4202/boassur/vendor/laravel/framework/src/Illuminate/Routing/Router.php(798): Illuminate\\Routing\\Route->run()
#16 /home/xhuv4202/boassur/vendor/laravel/framework/src/Illuminate/Pipeline/Pipeline.php(141): Illuminate\\Routing\\Router->Illuminate\\Routing\\{closure}()
#17 /home/xhuv4202/boassur/vendor/laravel/framework/src/Illuminate/Routing/Middleware/SubstituteBindings.php(50): Illuminate\\Pipeline\\Pipeline->Illuminate\\Pipeline\\{closure}()
#18 /home/xhuv4202/boassur/vendor/laravel/framework/src/Illuminate/Pipeline/Pipeline.php(180): Illuminate\\Routing\\Middleware\\SubstituteBindings->handle()
#19 /home/xhuv4202/boassur/vendor/laravel/framework/src/Illuminate/Routing/Middleware/ThrottleRequests.php(126): Illuminate\\Pipeline\\Pipeline->Illuminate\\Pipeline\\{closure}()
#20 /home/xhuv4202/boassur/vendor/laravel/framework/src/Illuminate/Routing/Middleware/ThrottleRequests.php(102): Illuminate\\Routing\\Middleware\\ThrottleRequests->handleRequest()
#21 /home/xhuv4202/boassur/vendor/laravel/framework/src/Illuminate/Routing/Middleware/ThrottleRequests.php(54): Illuminate\\Routing\\Middleware\\ThrottleRequests->handleRequestUsingNamedLimiter()
#22 /home/xhuv4202/boassur/vendor/laravel/framework/src/Illuminate/Pipeline/Pipeline.php(180): Illuminate\\Routing\\Middleware\\ThrottleRequests->handle()
#23 /home/xhuv4202/boassur/vendor/laravel/framework/src/Illuminate/Pipeline/Pipeline.php(116): Illuminate\\Pipeline\\Pipeline->Illuminate\\Pipeline\\{closure}()
#24 /home/xhuv4202/boassur/vendor/laravel/framework/src/Illuminate/Routing/Router.php(799): Illuminate\\Pipeline\\Pipeline->then()
#25 /home/xhuv4202/boassur/vendor/laravel/framework/src/Illuminate/Routing/Router.php(776): Illuminate\\Routing\\Router->runRouteWithinStack()
#26 /home/xhuv4202/boassur/vendor/laravel/framework/src/Illuminate/Routing/Router.php(740): Illuminate\\Routing\\Router->runRoute()
#27 /home/xhuv4202/boassur/vendor/laravel/framework/src/Illuminate/Routing/Router.php(729): Illuminate\\Routing\\Router->dispatchToRoute()
#28 /home/xhuv4202/boassur/vendor/laravel/framework/src/Illuminate/Foundation/Http/Kernel.php(190): Illuminate\\Routing\\Router->dispatch()
#29 /home/xhuv4202/boassur/vendor/laravel/framework/src/Illuminate/Pipeline/Pipeline.php(141): Illuminate\\Foundation\\Http\\Kernel->Illuminate\\Foundation\\Http\\{closure}()
#30 /home/xhuv4202/boassur/vendor/livewire/livewire/src/DisableBrowserCache.php(19): Illuminate\\Pipeline\\Pipeline->Illuminate\\Pipeline\\{closure}()
#31 /home/xhuv4202/boassur/vendor/laravel/framework/src/Illuminate/Pipeline/Pipeline.php(180): Livewire\\DisableBrowserCache->handle()
#32 /home/xhuv4202/boassur/vendor/laravel/framework/src/Illuminate/Foundation/Http/Middleware/TransformsRequest.php(21): Illuminate\\Pipeline\\Pipeline->Illuminate\\Pipeline\\{closure}()
#33 /home/xhuv4202/boassur/vendor/laravel/framework/src/Illuminate/Foundation/Http/Middleware/ConvertEmptyStringsToNull.php(31): Illuminate\\Foundation\\Http\\Middleware\\TransformsRequest->handle()
#34 /home/xhuv4202/boassur/vendor/laravel/framework/src/Illuminate/Pipeline/Pipeline.php(180): Illuminate\\Foundation\\Http\\Middleware\\ConvertEmptyStringsToNull->handle()
#35 /home/xhuv4202/boassur/vendor/laravel/framework/src/Illuminate/Foundation/Http/Middleware/TransformsRequest.php(21): Illuminate\\Pipeline\\Pipeline->Illuminate\\Pipeline\\{closure}()
#36 /home/xhuv4202/boassur/vendor/laravel/framework/src/Illuminate/Foundation/Http/Middleware/TrimStrings.php(40): Illuminate\\Foundation\\Http\\Middleware\\TransformsRequest->handle()
#37 /home/xhuv4202/boassur/vendor/laravel/framework/src/Illuminate/Pipeline/Pipeline.php(180): Illuminate\\Foundation\\Http\\Middleware\\TrimStrings->handle()
#38 /home/xhuv4202/boassur/vendor/laravel/framework/src/Illuminate/Foundation/Http/Middleware/ValidatePostSize.php(27): Illuminate\\Pipeline\\Pipeline->Illuminate\\Pipeline\\{closure}()
#39 /home/xhuv4202/boassur/vendor/laravel/framework/src/Illuminate/Pipeline/Pipeline.php(180): Illuminate\\Foundation\\Http\\Middleware\\ValidatePostSize->handle()
#40 /home/xhuv4202/boassur/vendor/laravel/framework/src/Illuminate/Foundation/Http/Middleware/PreventRequestsDuringMaintenance.php(86): Illuminate\\Pipeline\\Pipeline->Illuminate\\Pipeline\\{closure}()
#41 /home/xhuv4202/boassur/vendor/laravel/framework/src/Illuminate/Pipeline/Pipeline.php(180): Illuminate\\Foundation\\Http\\Middleware\\PreventRequestsDuringMaintenance->handle()
#42 /home/xhuv4202/boassur/vendor/fruitcake/laravel-cors/src/HandleCors.php(52): Illuminate\\Pipeline\\Pipeline->Illuminate\\Pipeline\\{closure}()
#43 /home/xhuv4202/boassur/vendor/laravel/framework/src/Illuminate/Pipeline/Pipeline.php(180): Fruitcake\\Cors\\HandleCors->handle()
#44 /home/xhuv4202/boassur/vendor/laravel/framework/src/Illuminate/Http/Middleware/TrustProxies.php(39): Illuminate\\Pipeline\\Pipeline->Illuminate\\Pipeline\\{closure}()
#45 /home/xhuv4202/boassur/vendor/laravel/framework/src/Illuminate/Pipeline/Pipeline.php(180): Illuminate\\Http\\Middleware\\TrustProxies->handle()
#46 /home/xhuv4202/boassur/vendor/laravel/framework/src/Illuminate/Pipeline/Pipeline.php(116): Illuminate\\Pipeline\\Pipeline->Illuminate\\Pipeline\\{closure}()
#47 /home/xhuv4202/boassur/vendor/laravel/framework/src/Illuminate/Foundation/Http/Kernel.php(165): Illuminate\\Pipeline\\Pipeline->then()
#48 /home/xhuv4202/boassur/vendor/laravel/framework/src/Illuminate/Foundation/Http/Kernel.php(134): Illuminate\\Foundation\\Http\\Kernel->sendRequestThroughRouter()
#49 /home/xhuv4202/boassur/public/index.php(52): Illuminate\\Foundation\\Http\\Kernel->handle()
#50 {main}
"} 
