[2024-02-09 10:39:32] production.INFO: {"TPE":"7255424","date":"09\/02\/2024_a_10:39:31","montant":"35EUR","reference":"JK4QPGP80G","texte-libre":null,"code-retour":"paiement","cvx":"oui","vld":"0427","brand":"AM","numauto":"183747","usage":"inconnu","typecompte":"inconnu","ecard":"non","originecb":"FRA","bincb":"374994XX","hpancb":"603AFAAEFD4F87BF1F8C9B69405EFCA2BF93A95E","ipclient":"88.168.150.220","originetr":"FRA","cbmasquee":"374994******009","modepaiement":"CB","authentification":"ewogICAiZGV0YWlscyIgOiB7CiAgICAgICJBUmVzIiA6ICJDIiwKICAgICAgIkNSZXMiIDogIlkiLAogICAgICAibGlhYmlsaXR5U2hpZnQiIDogIlkiLAogICAgICAibWVyY2hhbnRQcmVmZXJlbmNlIiA6ICJub19wcmVmZXJlbmNlIiwKICAgICAgInRyYW5zYWN0aW9uSUQiIDogImQ3NmM3M2IzLWEwNzYtNDExNi05YTJjLTZjMjMwNmRiOWNiYiIKICAgfSwKICAgInByb3RvY29sIiA6ICIzRFNlY3VyZSIsCiAgICJzdGF0dXMiIDogImF1dGhlbnRpY2F0ZWQiLAogICAidmVyc2lvbiIgOiAiMi4xLjAiCn0K","MAC":"971817B18CF6CF4CCCA599039B2CBF95767551AE"}  
[2024-02-09 10:47:43] production.ERROR: Server error: `GET https://ws.cselignes.com?methode=getcommanddetail&data=%7B%22auth%22:%7B%22id%22:%22PRESENCE%22,%22password%22:%2284IK3DFR%22%7D,%22ref_commande%22:%22UBG-53573532526540%22%7D` resulted in a `500 Internal Server Error` response {"exception":"[object] (GuzzleHttp\\Exception\\ServerException(code: 500): Server error: `GET https://ws.cselignes.com?methode=getcommanddetail&data=%7B%22auth%22:%7B%22id%22:%22PRESENCE%22,%22password%22:%2284IK3DFR%22%7D,%22ref_commande%22:%22UBG-53573532526540%22%7D` resulted in a `500 Internal Server Error` response at /home/xhuv4202/boassur/vendor/guzzlehttp/guzzle/src/Exception/RequestException.php:113)
[stacktrace]
#0 /home/xhuv4202/boassur/vendor/guzzlehttp/guzzle/src/Middleware.php(72): GuzzleHttp\\Exception\\RequestException::create()
#1 /home/xhuv4202/boassur/vendor/guzzlehttp/promises/src/Promise.php(209): GuzzleHttp\\Middleware::GuzzleHttp\\{closure}()
#2 /home/xhuv4202/boassur/vendor/guzzlehttp/promises/src/Promise.php(158): GuzzleHttp\\Promise\\Promise::callHandler()
#3 /home/xhuv4202/boassur/vendor/guzzlehttp/promises/src/TaskQueue.php(52): GuzzleHttp\\Promise\\Promise::GuzzleHttp\\Promise\\{closure}()
#4 /home/xhuv4202/boassur/vendor/guzzlehttp/promises/src/Promise.php(251): GuzzleHttp\\Promise\\TaskQueue->run()
#5 /home/xhuv4202/boassur/vendor/guzzlehttp/promises/src/Promise.php(227): GuzzleHttp\\Promise\\Promise->invokeWaitFn()
#6 /home/xhuv4202/boassur/vendor/guzzlehttp/promises/src/Promise.php(272): GuzzleHttp\\Promise\\Promise->waitIfPending()
#7 /home/xhuv4202/boassur/vendor/guzzlehttp/promises/src/Promise.php(229): GuzzleHttp\\Promise\\Promise->invokeWaitList()
#8 /home/xhuv4202/boassur/vendor/guzzlehttp/promises/src/Promise.php(69): GuzzleHttp\\Promise\\Promise->waitIfPending()
#9 /home/xhuv4202/boassur/vendor/guzzlehttp/guzzle/src/Client.php(189): GuzzleHttp\\Promise\\Promise->wait()
#10 /home/xhuv4202/boassur/app/Http/Controllers/Api/CseController.php(34): GuzzleHttp\\Client->request()
#11 /home/xhuv4202/boassur/vendor/laravel/framework/src/Illuminate/Routing/Controller.php(54): App\\Http\\Controllers\\Api\\CseController->voyage()
#12 /home/xhuv4202/boassur/vendor/laravel/framework/src/Illuminate/Routing/ControllerDispatcher.php(43): Illuminate\\Routing\\Controller->callAction()
#13 /home/xhuv4202/boassur/vendor/laravel/framework/src/Illuminate/Routing/Route.php(260): Illuminate\\Routing\\ControllerDispatcher->dispatch()
#14 /home/xhuv4202/boassur/vendor/laravel/framework/src/Illuminate/Routing/Route.php(205): Illuminate\\Routing\\Route->runController()
#15 /home/xhuv4202/boassur/vendor/laravel/framework/src/Illuminate/Routing/Router.php(798): Illuminate\\Routing\\Route->run()
#16 /home/xhuv4202/boassur/vendor/laravel/framework/src/Illuminate/Pipeline/Pipeline.php(141): Illuminate\\Routing\\Router->Illuminate\\Routing\\{closure}()
#17 /home/xhuv4202/boassur/vendor/laravel/framework/src/Illuminate/Routing/Middleware/SubstituteBindings.php(50): Illuminate\\Pipeline\\Pipeline->Illuminate\\Pipeline\\{closure}()
#18 /home/xhuv4202/boassur/vendor/laravel/framework/src/Illuminate/Pipeline/Pipeline.php(180): Illuminate\\Routing\\Middleware\\SubstituteBindings->handle()
#19 /home/xhuv4202/boassur/vendor/laravel/framework/src/Illuminate/Routing/Middleware/ThrottleRequests.php(126): Illuminate\\Pipeline\\Pipeline->Illuminate\\Pipeline\\{closure}()
#20 /home/xhuv4202/boassur/vendor/laravel/framework/src/Illuminate/Routing/Middleware/ThrottleRequests.php(102): Illuminate\\Routing\\Middleware\\ThrottleRequests->handleRequest()
#21 /home/xhuv4202/boassur/vendor/laravel/framework/src/Illuminate/Routing/Middleware/ThrottleRequests.php(54): Illuminate\\Routing\\Middleware\\ThrottleRequests->handleRequestUsingNamedLimiter()
#22 /home/xhuv4202/boassur/vendor/laravel/framework/src/Illuminate/Pipeline/Pipeline.php(180): Illuminate\\Routing\\Middleware\\ThrottleRequests->handle()
#23 /home/xhuv4202/boassur/vendor/laravel/framework/src/Illuminate/Pipeline/Pipeline.php(116): Illuminate\\Pipeline\\Pipeline->Illuminate\\Pipeline\\{closure}()
#24 /home/xhuv4202/boassur/vendor/laravel/framework/src/Illuminate/Routing/Router.php(799): Illuminate\\Pipeline\\Pipeline->then()
#25 /home/xhuv4202/boassur/vendor/laravel/framework/src/Illuminate/Routing/Router.php(776): Illuminate\\Routing\\Router->runRouteWithinStack()
#26 /home/xhuv4202/boassur/vendor/laravel/framework/src/Illuminate/Routing/Router.php(740): Illuminate\\Routing\\Router->runRoute()
#27 /home/xhuv4202/boassur/vendor/laravel/framework/src/Illuminate/Routing/Router.php(729): Illuminate\\Routing\\Router->dispatchToRoute()
#28 /home/xhuv4202/boassur/vendor/laravel/framework/src/Illuminate/Foundation/Http/Kernel.php(190): Illuminate\\Routing\\Router->dispatch()
#29 /home/xhuv4202/boassur/vendor/laravel/framework/src/Illuminate/Pipeline/Pipeline.php(141): Illuminate\\Foundation\\Http\\Kernel->Illuminate\\Foundation\\Http\\{closure}()
#30 /home/xhuv4202/boassur/vendor/livewire/livewire/src/DisableBrowserCache.php(19): Illuminate\\Pipeline\\Pipeline->Illuminate\\Pipeline\\{closure}()
#31 /home/xhuv4202/boassur/vendor/laravel/framework/src/Illuminate/Pipeline/Pipeline.php(180): Livewire\\DisableBrowserCache->handle()
#32 /home/xhuv4202/boassur/vendor/laravel/framework/src/Illuminate/Foundation/Http/Middleware/TransformsRequest.php(21): Illuminate\\Pipeline\\Pipeline->Illuminate\\Pipeline\\{closure}()
#33 /home/xhuv4202/boassur/vendor/laravel/framework/src/Illuminate/Foundation/Http/Middleware/ConvertEmptyStringsToNull.php(31): Illuminate\\Foundation\\Http\\Middleware\\TransformsRequest->handle()
#34 /home/xhuv4202/boassur/vendor/laravel/framework/src/Illuminate/Pipeline/Pipeline.php(180): Illuminate\\Foundation\\Http\\Middleware\\ConvertEmptyStringsToNull->handle()
#35 /home/xhuv4202/boassur/vendor/laravel/framework/src/Illuminate/Foundation/Http/Middleware/TransformsRequest.php(21): Illuminate\\Pipeline\\Pipeline->Illuminate\\Pipeline\\{closure}()
#36 /home/xhuv4202/boassur/vendor/laravel/framework/src/Illuminate/Foundation/Http/Middleware/TrimStrings.php(40): Illuminate\\Foundation\\Http\\Middleware\\TransformsRequest->handle()
#37 /home/xhuv4202/boassur/vendor/laravel/framework/src/Illuminate/Pipeline/Pipeline.php(180): Illuminate\\Foundation\\Http\\Middleware\\TrimStrings->handle()
#38 /home/xhuv4202/boassur/vendor/laravel/framework/src/Illuminate/Foundation/Http/Middleware/ValidatePostSize.php(27): Illuminate\\Pipeline\\Pipeline->Illuminate\\Pipeline\\{closure}()
#39 /home/xhuv4202/boassur/vendor/laravel/framework/src/Illuminate/Pipeline/Pipeline.php(180): Illuminate\\Foundation\\Http\\Middleware\\ValidatePostSize->handle()
#40 /home/xhuv4202/boassur/vendor/laravel/framework/src/Illuminate/Foundation/Http/Middleware/PreventRequestsDuringMaintenance.php(86): Illuminate\\Pipeline\\Pipeline->Illuminate\\Pipeline\\{closure}()
#41 /home/xhuv4202/boassur/vendor/laravel/framework/src/Illuminate/Pipeline/Pipeline.php(180): Illuminate\\Foundation\\Http\\Middleware\\PreventRequestsDuringMaintenance->handle()
#42 /home/xhuv4202/boassur/vendor/fruitcake/laravel-cors/src/HandleCors.php(52): Illuminate\\Pipeline\\Pipeline->Illuminate\\Pipeline\\{closure}()
#43 /home/xhuv4202/boassur/vendor/laravel/framework/src/Illuminate/Pipeline/Pipeline.php(180): Fruitcake\\Cors\\HandleCors->handle()
#44 /home/xhuv4202/boassur/vendor/laravel/framework/src/Illuminate/Http/Middleware/TrustProxies.php(39): Illuminate\\Pipeline\\Pipeline->Illuminate\\Pipeline\\{closure}()
#45 /home/xhuv4202/boassur/vendor/laravel/framework/src/Illuminate/Pipeline/Pipeline.php(180): Illuminate\\Http\\Middleware\\TrustProxies->handle()
#46 /home/xhuv4202/boassur/vendor/laravel/framework/src/Illuminate/Pipeline/Pipeline.php(116): Illuminate\\Pipeline\\Pipeline->Illuminate\\Pipeline\\{closure}()
#47 /home/xhuv4202/boassur/vendor/laravel/framework/src/Illuminate/Foundation/Http/Kernel.php(165): Illuminate\\Pipeline\\Pipeline->then()
#48 /home/xhuv4202/boassur/vendor/laravel/framework/src/Illuminate/Foundation/Http/Kernel.php(134): Illuminate\\Foundation\\Http\\Kernel->sendRequestThroughRouter()
#49 /home/xhuv4202/boassur/public/index.php(52): Illuminate\\Foundation\\Http\\Kernel->handle()
#50 {main}
"} 
[2024-02-09 11:08:29] production.INFO: {"TPE":"7255424","date":"09\/02\/2024_a_11:08:29","montant":"70EUR","reference":"OX811DK8MJ","texte-libre":null,"code-retour":"paiement","cvx":"oui","vld":"0526","brand":"CB","numauto":"274473","usage":"credit","typecompte":"particulier","ecard":"non","originecb":"FRA","bincb":"49760750","hpancb":"1B735C1BE74404891E27BFFD476FCE07E0DFF598","ipclient":"109.3.216.242","originetr":"FRA","cbmasquee":"49760750******44","modepaiement":"CB","authentification":"ewogICAiZGV0YWlscyIgOiB7CiAgICAgICJBUmVzIiA6ICJDIiwKICAgICAgIkNSZXMiIDogIlkiLAogICAgICAibGlhYmlsaXR5U2hpZnQiIDogIlkiLAogICAgICAibWVyY2hhbnRQcmVmZXJlbmNlIiA6ICJub19wcmVmZXJlbmNlIiwKICAgICAgInRyYW5zYWN0aW9uSUQiIDogIjMwMDExZGZhLWVkNTQtNDA1YS1iOTM4LWVjNTZlYjNmNDZjMCIKICAgfSwKICAgInByb3RvY29sIiA6ICIzRFNlY3VyZSIsCiAgICJzdGF0dXMiIDogImF1dGhlbnRpY2F0ZWQiLAogICAidmVyc2lvbiIgOiAiMi4xLjAiCn0K","MAC":"B994B6EE63B756E2061664CCA9AFAF349BFC6946"}  
[2024-02-09 11:13:42] production.INFO: {"TPE":"7255424","date":"09\/02\/2024_a_11:13:42","montant":"50EUR","reference":"LK6DGDK6GY","texte-libre":null,"code-retour":"paiement","cvx":"oui","vld":"1026","brand":"CB","numauto":"031316","usage":"debit","typecompte":"particulier","ecard":"non","originecb":"FRA","bincb":"49720298","hpancb":"3A0743FA90DADD39EEE31BE16E2710E2E17DADFE","ipclient":"147.161.233.15","originetr":"FRA","cbmasquee":"49720298******79","modepaiement":"CB","authentification":"ewogICAiZGV0YWlscyIgOiB7CiAgICAgICJBUmVzIiA6ICJDIiwKICAgICAgIkNSZXMiIDogIlkiLAogICAgICAibGlhYmlsaXR5U2hpZnQiIDogIlkiLAogICAgICAibWVyY2hhbnRQcmVmZXJlbmNlIiA6ICJub19wcmVmZXJlbmNlIiwKICAgICAgInRyYW5zYWN0aW9uSUQiIDogIjNjZmU1ZTY2LTQ4NmEtNGFlNC1hODZjLWZkNDA0ZWVhZGE2MCIKICAgfSwKICAgInByb3RvY29sIiA6ICIzRFNlY3VyZSIsCiAgICJzdGF0dXMiIDogImF1dGhlbnRpY2F0ZWQiLAogICAidmVyc2lvbiIgOiAiMi4xLjAiCn0K","MAC":"8BE156B65BC746E260B68D9E8455D2D17227EF7D"}  
[2024-02-09 11:16:17] production.INFO: {"TPE":"7255424","date":"09\/02\/2024_a_11:16:16","montant":"50EUR","reference":"W54ZKM04E0","texte-libre":null,"code-retour":"paiement","cvx":"oui","vld":"1026","brand":"CB","numauto":"498723","usage":"debit","typecompte":"particulier","ecard":"non","originecb":"FRA","bincb":"49720298","hpancb":"3A0743FA90DADD39EEE31BE16E2710E2E17DADFE","ipclient":"147.161.233.15","originetr":"FRA","cbmasquee":"49720298******79","modepaiement":"CB","authentification":"ewogICAiZGV0YWlscyIgOiB7CiAgICAgICJBUmVzIiA6ICJDIiwKICAgICAgIkNSZXMiIDogIlkiLAogICAgICAibGlhYmlsaXR5U2hpZnQiIDogIlkiLAogICAgICAibWVyY2hhbnRQcmVmZXJlbmNlIiA6ICJub19wcmVmZXJlbmNlIiwKICAgICAgInRyYW5zYWN0aW9uSUQiIDogIjRmNDM0ZTZmLTQ5MTMtNGFlMi05Nzc5LWRlYmYyYWZkN2Q2ZiIKICAgfSwKICAgInByb3RvY29sIiA6ICIzRFNlY3VyZSIsCiAgICJzdGF0dXMiIDogImF1dGhlbnRpY2F0ZWQiLAogICAidmVyc2lvbiIgOiAiMi4xLjAiCn0K","MAC":"75985D53A0F4FB15B12E605D441D8CE62A61BDC6"}  
[2024-02-09 16:10:33] production.INFO: {"TPE":"7255424","date":"09\/02\/2024_a_16:10:32","montant":"70EUR","reference":"M360M1E4JY","texte-libre":null,"code-retour":"paiement","cvx":"oui","vld":"0427","brand":"AM","numauto":"109501","usage":"inconnu","typecompte":"inconnu","ecard":"non","originecb":"FRA","bincb":"374994XX","hpancb":"603AFAAEFD4F87BF1F8C9B69405EFCA2BF93A95E","ipclient":"88.168.150.220","originetr":"FRA","cbmasquee":"374994******009","modepaiement":"CB","authentification":"ewogICAiZGV0YWlscyIgOiB7CiAgICAgICJBUmVzIiA6ICJDIiwKICAgICAgIkNSZXMiIDogIlkiLAogICAgICAibGlhYmlsaXR5U2hpZnQiIDogIlkiLAogICAgICAibWVyY2hhbnRQcmVmZXJlbmNlIiA6ICJub19wcmVmZXJlbmNlIiwKICAgICAgInRyYW5zYWN0aW9uSUQiIDogImQwYmRmYTFlLWM3MzQtNDJkZi05NjUzLWJmZGVjMTBhYzk4MiIKICAgfSwKICAgInByb3RvY29sIiA6ICIzRFNlY3VyZSIsCiAgICJzdGF0dXMiIDogImF1dGhlbnRpY2F0ZWQiLAogICAidmVyc2lvbiIgOiAiMi4xLjAiCn0K","MAC":"A8276421B1B6A3729AF8932EF6E72558ED6FCAFA"}  
[2024-02-09 16:11:10] production.INFO: {"TPE":"7255424","date":"09\/02\/2024_a_16:11:09","montant":"34EUR","reference":"J96MZ7V8OD","texte-libre":null,"code-retour":"paiement","cvx":"oui","vld":"1224","brand":"CB","numauto":"542844","usage":"debit","typecompte":"particulier","ecard":"non","originecb":"FRA","bincb":"45618896","hpancb":"830A700769ED9659FF14A3040169BF7FD6D6992D","ipclient":"109.3.216.242","originetr":"FRA","cbmasquee":"45618896******83","modepaiement":"CB","authentification":"ewogICAiZGV0YWlscyIgOiB7CiAgICAgICJBUmVzIiA6ICJZIiwKICAgICAgImxpYWJpbGl0eVNoaWZ0IiA6ICJZIiwKICAgICAgIm1lcmNoYW50UHJlZmVyZW5jZSIgOiAibm9fcHJlZmVyZW5jZSIsCiAgICAgICJ0cmFuc2FjdGlvbklEIiA6ICIwZTU0MTg4My1iMWY4LTQ0ZWEtYTlmYy1hYzlmZTdjMzE1NzQiCiAgIH0sCiAgICJwcm90b2NvbCIgOiAiM0RTZWN1cmUiLAogICAic3RhdHVzIiA6ICJhdXRoZW50aWNhdGVkIiwKICAgInZlcnNpb24iIDogIjIuMS4wIgp9Cg==","MAC":"24206386CDF38616F14A6FDF03B47AA2767ADB6B"}  
[2024-02-09 16:33:56] production.INFO: {"TPE":"7255424","date":"09\/02\/2024_a_16:33:56","montant":"38EUR","reference":"WE8LWED6O2","texte-libre":null,"code-retour":"paiement","cvx":"oui","vld":"0924","brand":"CB","numauto":"774218","usage":"debit","typecompte":"particulier","ecard":"non","originecb":"FRA","bincb":"49720298","hpancb":"14EBE88B000CB968EC150B1F7B93FF859C4BDBF4","ipclient":"88.161.216.83","originetr":"FRA","cbmasquee":"49720298******65","modepaiement":"CB","authentification":"ewogICAiZGV0YWlscyIgOiB7CiAgICAgICJBUmVzIiA6ICJDIiwKICAgICAgIkNSZXMiIDogIlkiLAogICAgICAibGlhYmlsaXR5U2hpZnQiIDogIlkiLAogICAgICAibWVyY2hhbnRQcmVmZXJlbmNlIiA6ICJub19wcmVmZXJlbmNlIiwKICAgICAgInRyYW5zYWN0aW9uSUQiIDogIjA3ZDNhOGZhLTg3YWYtNGNkNy1hOGViLTcxYWQ4NGZhMDA3NiIKICAgfSwKICAgInByb3RvY29sIiA6ICIzRFNlY3VyZSIsCiAgICJzdGF0dXMiIDogImF1dGhlbnRpY2F0ZWQiLAogICAidmVyc2lvbiIgOiAiMi4xLjAiCn0K","MAC":"220A9D67C5BC9CB4BE586FA102153215FD31B963"}  
[2024-02-09 17:59:54] production.INFO: {"TPE":"7255424","date":"09\/02\/2024_a_17:59:53","montant":"60EUR","reference":"E14OP306XK","texte-libre":null,"code-retour":"paiement","cvx":"oui","vld":"0324","brand":"CB","numauto":"404336","usage":"credit","typecompte":"particulier","ecard":"oui","originecb":"FRA","bincb":"49778462","hpancb":"ABA759CA34E6E7CFB667191A2B84BD09F91DAB06","ipclient":"86.243.9.125","originetr":"FRA","cbmasquee":"49778462******20","modepaiement":"CB","authentification":"ewogICAiZGV0YWlscyIgOiB7CiAgICAgICJBUmVzIiA6ICJZIiwKICAgICAgImxpYWJpbGl0eVNoaWZ0IiA6ICJZIiwKICAgICAgIm1lcmNoYW50UHJlZmVyZW5jZSIgOiAibm9fcHJlZmVyZW5jZSIsCiAgICAgICJ0cmFuc2FjdGlvbklEIiA6ICIwYjFiNjA5Zi1hN2U5LTRkODUtYTZlZC0yYzA4MjQ3NGFkOGEiCiAgIH0sCiAgICJwcm90b2NvbCIgOiAiM0RTZWN1cmUiLAogICAic3RhdHVzIiA6ICJhdXRoZW50aWNhdGVkIiwKICAgInZlcnNpb24iIDogIjIuMS4wIgp9Cg==","MAC":"BFEF96EB2F10533B0827B975CD89BF38A53C3054"}  
