[2024-02-10 00:56:15] production.INFO: {"TPE":"7255424","date":"10\/02\/2024_a_00:56:14","montant":"50EUR","reference":"GW8YQ0X40V","texte-libre":null,"code-retour":"paiement","cvx":"oui","vld":"0426","brand":"CB","numauto":"818156","usage":"credit","typecompte":"particulier","ecard":"non","originecb":"FRA","bincb":"49727822","hpancb":"F2C44615E7AB455D8E09309154D6DADC1292D350","ipclient":"91.170.156.77","originetr":"FRA","cbmasquee":"49727822******77","modepaiement":"CB","authentification":"ewogICAiZGV0YWlscyIgOiB7CiAgICAgICJBUmVzIiA6ICJDIiwKICAgICAgIkNSZXMiIDogIlkiLAogICAgICAibGlhYmlsaXR5U2hpZnQiIDogIlkiLAogICAgICAibWVyY2hhbnRQcmVmZXJlbmNlIiA6ICJub19wcmVmZXJlbmNlIiwKICAgICAgInRyYW5zYWN0aW9uSUQiIDogIjliNWY1YzU4LTI2NmQtNGQ3YS1iZWZkLWMzYmRlMzU0OWM0NSIKICAgfSwKICAgInByb3RvY29sIiA6ICIzRFNlY3VyZSIsCiAgICJzdGF0dXMiIDogImF1dGhlbnRpY2F0ZWQiLAogICAidmVyc2lvbiIgOiAiMi4xLjAiCn0K","MAC":"62A3EB93DA4475D341C568ACC6C17A3CABDB3F0B"}  
[2024-02-10 06:51:41] production.INFO: {"TPE":"7255424","date":"10\/02\/2024_a_06:51:41","montant":"75EUR","reference":"MV6WVD34WX","texte-libre":null,"code-retour":"Annulation","cvx":"oui","vld":"0926","brand":"CB","motifrefus":"3DSecure","usage":"credit","typecompte":"particulier","ecard":"non","originecb":"FRA","bincb":"49729109","hpancb":"2E0ED0EABB7246B726DD22DF8D066ED8AF93F36F","ipclient":"211.55.52.15","originetr":"KOR","cbmasquee":"49729109******77","modepaiement":"CB","authentification":"ewogICAiZGV0YWlscyIgOiB7CiAgICAgICJBUmVzIiA6ICJDIiwKICAgICAgIkNSZXMiIDogIk4iLAogICAgICAibGlhYmlsaXR5U2hpZnQiIDogIk5BIiwKICAgICAgIm1lcmNoYW50UHJlZmVyZW5jZSIgOiAibm9fcHJlZmVyZW5jZSIsCiAgICAgICJ0cmFuc2FjdGlvbklEIiA6ICI1ZTNmNGYyMy1hN2M1LTRmYTItYTZmZS1iNjM2YjVkNzg1YzciCiAgIH0sCiAgICJwcm90b2NvbCIgOiAiM0RTZWN1cmUiLAogICAic3RhdHVzIiA6ICJub3RfYXV0aGVudGljYXRlZCIsCiAgICJ2ZXJzaW9uIiA6ICIyLjEuMCIKfQo=","MAC":"D01019226FB73DC17BBC124B4F13A5F13501C586"}  
[2024-02-10 06:51:41] production.ERROR: Callback Monetico MAC {"TPE":"7255424","date":"10/02/2024_a_06:51:41","montant":"75EUR","reference":"MV6WVD34WX","texte-libre":null,"code-retour":"Annulation","cvx":"oui","vld":"0926","brand":"CB","motifrefus":"3DSecure","usage":"credit","typecompte":"particulier","ecard":"non","originecb":"FRA","bincb":"49729109","hpancb":"2E0ED0EABB7246B726DD22DF8D066ED8AF93F36F","ipclient":"211.55.52.15","originetr":"KOR","cbmasquee":"49729109******77","modepaiement":"CB","authentification":"ewogICAiZGV0YWlscyIgOiB7CiAgICAgICJBUmVzIiA6ICJDIiwKICAgICAgIkNSZXMiIDogIk4iLAogICAgICAibGlhYmlsaXR5U2hpZnQiIDogIk5BIiwKICAgICAgIm1lcmNoYW50UHJlZmVyZW5jZSIgOiAibm9fcHJlZmVyZW5jZSIsCiAgICAgICJ0cmFuc2FjdGlvbklEIiA6ICI1ZTNmNGYyMy1hN2M1LTRmYTItYTZmZS1iNjM2YjVkNzg1YzciCiAgIH0sCiAgICJwcm90b2NvbCIgOiAiM0RTZWN1cmUiLAogICAic3RhdHVzIiA6ICJub3RfYXV0aGVudGljYXRlZCIsCiAgICJ2ZXJzaW9uIiA6ICIyLjEuMCIKfQo=","MAC":"D01019226FB73DC17BBC124B4F13A5F13501C586"} 
[2024-02-10 07:08:08] production.INFO: {"TPE":"7255424","date":"10\/02\/2024_a_07:08:07","montant":"19EUR","reference":"K5652P56ZE","texte-libre":null,"code-retour":"paiement","cvx":"oui","vld":"0128","brand":"CB","numauto":"604222","usage":"credit","typecompte":"particulier","ecard":"non","originecb":"FRA","bincb":"49727822","hpancb":"AF9FAF3ABCE813306D633BC2D2DC16506E6C1A9D","ipclient":"211.55.52.16","originetr":"KOR","cbmasquee":"49727822******90","modepaiement":"CB","authentification":"ewogICAiZGV0YWlscyIgOiB7CiAgICAgICJBUmVzIiA6ICJDIiwKICAgICAgIkNSZXMiIDogIlkiLAogICAgICAibGlhYmlsaXR5U2hpZnQiIDogIlkiLAogICAgICAibWVyY2hhbnRQcmVmZXJlbmNlIiA6ICJub19wcmVmZXJlbmNlIiwKICAgICAgInRyYW5zYWN0aW9uSUQiIDogIjk3Y2MyYWUyLTcxOGUtNGQwYi04M2FkLWUzMjk3ZGVjOGM3ZSIKICAgfSwKICAgInByb3RvY29sIiA6ICIzRFNlY3VyZSIsCiAgICJzdGF0dXMiIDogImF1dGhlbnRpY2F0ZWQiLAogICAidmVyc2lvbiIgOiAiMi4xLjAiCn0K","MAC":"A96F76228639204AED8A2EF6C49F820A515F2DC5"}  
[2024-02-10 10:42:40] production.INFO: {"TPE":"7255424","date":"10\/02\/2024_a_10:42:39","montant":"50EUR","reference":"MG8VW1R472","texte-libre":null,"code-retour":"paiement","cvx":"oui","vld":"1224","brand":"CB","numauto":"243595","usage":"debit","typecompte":"particulier","ecard":"non","originecb":"FRA","bincb":"49788717","hpancb":"C94AF07033E0D29DFEAD8F9F3509A600674D45EE","ipclient":"90.93.106.165","originetr":"FRA","cbmasquee":"49788717******25","modepaiement":"CB","authentification":"ewogICAiZGV0YWlscyIgOiB7CiAgICAgICJBUmVzIiA6ICJDIiwKICAgICAgIkNSZXMiIDogIlkiLAogICAgICAibGlhYmlsaXR5U2hpZnQiIDogIlkiLAogICAgICAibWVyY2hhbnRQcmVmZXJlbmNlIiA6ICJub19wcmVmZXJlbmNlIiwKICAgICAgInRyYW5zYWN0aW9uSUQiIDogIjBmYjU5MDAyLWE4MDItNDExYy1iNTIwLTI2MDkxYTI0MDUwMyIKICAgfSwKICAgInByb3RvY29sIiA6ICIzRFNlY3VyZSIsCiAgICJzdGF0dXMiIDogImF1dGhlbnRpY2F0ZWQiLAogICAidmVyc2lvbiIgOiAiMi4xLjAiCn0K","MAC":"0D559500C67186C4A709D90489822FF3D154E3F9"}  
[2024-02-10 12:41:33] production.ERROR: Server error: `GET https://ws.cselignes.com?methode=getcommanddetail&data=%7B%22auth%22:%7B%22id%22:%22PRESENCE%22,%22password%22:%2284IK3DFR%22%7D,%22ref_commande%22:%22IBA53573532397282%22%7D` resulted in a `500 Internal Server Error` response {"exception":"[object] (GuzzleHttp\\Exception\\ServerException(code: 500): Server error: `GET https://ws.cselignes.com?methode=getcommanddetail&data=%7B%22auth%22:%7B%22id%22:%22PRESENCE%22,%22password%22:%2284IK3DFR%22%7D,%22ref_commande%22:%22IBA53573532397282%22%7D` resulted in a `500 Internal Server Error` response at /home/xhuv4202/boassur/vendor/guzzlehttp/guzzle/src/Exception/RequestException.php:113)
[stacktrace]
#0 /home/xhuv4202/boassur/vendor/guzzlehttp/guzzle/src/Middleware.php(72): GuzzleHttp\\Exception\\RequestException::create()
#1 /home/xhuv4202/boassur/vendor/guzzlehttp/promises/src/Promise.php(209): GuzzleHttp\\Middleware::GuzzleHttp\\{closure}()
#2 /home/xhuv4202/boassur/vendor/guzzlehttp/promises/src/Promise.php(158): GuzzleHttp\\Promise\\Promise::callHandler()
#3 /home/xhuv4202/boassur/vendor/guzzlehttp/promises/src/TaskQueue.php(52): GuzzleHttp\\Promise\\Promise::GuzzleHttp\\Promise\\{closure}()
#4 /home/xhuv4202/boassur/vendor/guzzlehttp/promises/src/Promise.php(251): GuzzleHttp\\Promise\\TaskQueue->run()
#5 /home/xhuv4202/boassur/vendor/guzzlehttp/promises/src/Promise.php(227): GuzzleHttp\\Promise\\Promise->invokeWaitFn()
#6 /home/xhuv4202/boassur/vendor/guzzlehttp/promises/src/Promise.php(272): GuzzleHttp\\Promise\\Promise->waitIfPending()
#7 /home/xhuv4202/boassur/vendor/guzzlehttp/promises/src/Promise.php(229): GuzzleHttp\\Promise\\Promise->invokeWaitList()
#8 /home/xhuv4202/boassur/vendor/guzzlehttp/promises/src/Promise.php(69): GuzzleHttp\\Promise\\Promise->waitIfPending()
#9 /home/xhuv4202/boassur/vendor/guzzlehttp/guzzle/src/Client.php(189): GuzzleHttp\\Promise\\Promise->wait()
#10 /home/xhuv4202/boassur/app/Http/Controllers/Api/CseController.php(34): GuzzleHttp\\Client->request()
#11 /home/xhuv4202/boassur/vendor/laravel/framework/src/Illuminate/Routing/Controller.php(54): App\\Http\\Controllers\\Api\\CseController->voyage()
#12 /home/xhuv4202/boassur/vendor/laravel/framework/src/Illuminate/Routing/ControllerDispatcher.php(43): Illuminate\\Routing\\Controller->callAction()
#13 /home/xhuv4202/boassur/vendor/laravel/framework/src/Illuminate/Routing/Route.php(260): Illuminate\\Routing\\ControllerDispatcher->dispatch()
#14 /home/xhuv4202/boassur/vendor/laravel/framework/src/Illuminate/Routing/Route.php(205): Illuminate\\Routing\\Route->runController()
#15 /home/xhuv4202/boassur/vendor/laravel/framework/src/Illuminate/Routing/Router.php(798): Illuminate\\Routing\\Route->run()
#16 /home/xhuv4202/boassur/vendor/laravel/framework/src/Illuminate/Pipeline/Pipeline.php(141): Illuminate\\Routing\\Router->Illuminate\\Routing\\{closure}()
#17 /home/xhuv4202/boassur/vendor/laravel/framework/src/Illuminate/Routing/Middleware/SubstituteBindings.php(50): Illuminate\\Pipeline\\Pipeline->Illuminate\\Pipeline\\{closure}()
#18 /home/xhuv4202/boassur/vendor/laravel/framework/src/Illuminate/Pipeline/Pipeline.php(180): Illuminate\\Routing\\Middleware\\SubstituteBindings->handle()
#19 /home/xhuv4202/boassur/vendor/laravel/framework/src/Illuminate/Routing/Middleware/ThrottleRequests.php(126): Illuminate\\Pipeline\\Pipeline->Illuminate\\Pipeline\\{closure}()
#20 /home/xhuv4202/boassur/vendor/laravel/framework/src/Illuminate/Routing/Middleware/ThrottleRequests.php(102): Illuminate\\Routing\\Middleware\\ThrottleRequests->handleRequest()
#21 /home/xhuv4202/boassur/vendor/laravel/framework/src/Illuminate/Routing/Middleware/ThrottleRequests.php(54): Illuminate\\Routing\\Middleware\\ThrottleRequests->handleRequestUsingNamedLimiter()
#22 /home/xhuv4202/boassur/vendor/laravel/framework/src/Illuminate/Pipeline/Pipeline.php(180): Illuminate\\Routing\\Middleware\\ThrottleRequests->handle()
#23 /home/xhuv4202/boassur/vendor/laravel/framework/src/Illuminate/Pipeline/Pipeline.php(116): Illuminate\\Pipeline\\Pipeline->Illuminate\\Pipeline\\{closure}()
#24 /home/xhuv4202/boassur/vendor/laravel/framework/src/Illuminate/Routing/Router.php(799): Illuminate\\Pipeline\\Pipeline->then()
#25 /home/xhuv4202/boassur/vendor/laravel/framework/src/Illuminate/Routing/Router.php(776): Illuminate\\Routing\\Router->runRouteWithinStack()
#26 /home/xhuv4202/boassur/vendor/laravel/framework/src/Illuminate/Routing/Router.php(740): Illuminate\\Routing\\Router->runRoute()
#27 /home/xhuv4202/boassur/vendor/laravel/framework/src/Illuminate/Routing/Router.php(729): Illuminate\\Routing\\Router->dispatchToRoute()
#28 /home/xhuv4202/boassur/vendor/laravel/framework/src/Illuminate/Foundation/Http/Kernel.php(190): Illuminate\\Routing\\Router->dispatch()
#29 /home/xhuv4202/boassur/vendor/laravel/framework/src/Illuminate/Pipeline/Pipeline.php(141): Illuminate\\Foundation\\Http\\Kernel->Illuminate\\Foundation\\Http\\{closure}()
#30 /home/xhuv4202/boassur/vendor/livewire/livewire/src/DisableBrowserCache.php(19): Illuminate\\Pipeline\\Pipeline->Illuminate\\Pipeline\\{closure}()
#31 /home/xhuv4202/boassur/vendor/laravel/framework/src/Illuminate/Pipeline/Pipeline.php(180): Livewire\\DisableBrowserCache->handle()
#32 /home/xhuv4202/boassur/vendor/laravel/framework/src/Illuminate/Foundation/Http/Middleware/TransformsRequest.php(21): Illuminate\\Pipeline\\Pipeline->Illuminate\\Pipeline\\{closure}()
#33 /home/xhuv4202/boassur/vendor/laravel/framework/src/Illuminate/Foundation/Http/Middleware/ConvertEmptyStringsToNull.php(31): Illuminate\\Foundation\\Http\\Middleware\\TransformsRequest->handle()
#34 /home/xhuv4202/boassur/vendor/laravel/framework/src/Illuminate/Pipeline/Pipeline.php(180): Illuminate\\Foundation\\Http\\Middleware\\ConvertEmptyStringsToNull->handle()
#35 /home/xhuv4202/boassur/vendor/laravel/framework/src/Illuminate/Foundation/Http/Middleware/TransformsRequest.php(21): Illuminate\\Pipeline\\Pipeline->Illuminate\\Pipeline\\{closure}()
#36 /home/xhuv4202/boassur/vendor/laravel/framework/src/Illuminate/Foundation/Http/Middleware/TrimStrings.php(40): Illuminate\\Foundation\\Http\\Middleware\\TransformsRequest->handle()
#37 /home/xhuv4202/boassur/vendor/laravel/framework/src/Illuminate/Pipeline/Pipeline.php(180): Illuminate\\Foundation\\Http\\Middleware\\TrimStrings->handle()
#38 /home/xhuv4202/boassur/vendor/laravel/framework/src/Illuminate/Foundation/Http/Middleware/ValidatePostSize.php(27): Illuminate\\Pipeline\\Pipeline->Illuminate\\Pipeline\\{closure}()
#39 /home/xhuv4202/boassur/vendor/laravel/framework/src/Illuminate/Pipeline/Pipeline.php(180): Illuminate\\Foundation\\Http\\Middleware\\ValidatePostSize->handle()
#40 /home/xhuv4202/boassur/vendor/laravel/framework/src/Illuminate/Foundation/Http/Middleware/PreventRequestsDuringMaintenance.php(86): Illuminate\\Pipeline\\Pipeline->Illuminate\\Pipeline\\{closure}()
#41 /home/xhuv4202/boassur/vendor/laravel/framework/src/Illuminate/Pipeline/Pipeline.php(180): Illuminate\\Foundation\\Http\\Middleware\\PreventRequestsDuringMaintenance->handle()
#42 /home/xhuv4202/boassur/vendor/fruitcake/laravel-cors/src/HandleCors.php(52): Illuminate\\Pipeline\\Pipeline->Illuminate\\Pipeline\\{closure}()
#43 /home/xhuv4202/boassur/vendor/laravel/framework/src/Illuminate/Pipeline/Pipeline.php(180): Fruitcake\\Cors\\HandleCors->handle()
#44 /home/xhuv4202/boassur/vendor/laravel/framework/src/Illuminate/Http/Middleware/TrustProxies.php(39): Illuminate\\Pipeline\\Pipeline->Illuminate\\Pipeline\\{closure}()
#45 /home/xhuv4202/boassur/vendor/laravel/framework/src/Illuminate/Pipeline/Pipeline.php(180): Illuminate\\Http\\Middleware\\TrustProxies->handle()
#46 /home/xhuv4202/boassur/vendor/laravel/framework/src/Illuminate/Pipeline/Pipeline.php(116): Illuminate\\Pipeline\\Pipeline->Illuminate\\Pipeline\\{closure}()
#47 /home/xhuv4202/boassur/vendor/laravel/framework/src/Illuminate/Foundation/Http/Kernel.php(165): Illuminate\\Pipeline\\Pipeline->then()
#48 /home/xhuv4202/boassur/vendor/laravel/framework/src/Illuminate/Foundation/Http/Kernel.php(134): Illuminate\\Foundation\\Http\\Kernel->sendRequestThroughRouter()
#49 /home/xhuv4202/boassur/public/index.php(52): Illuminate\\Foundation\\Http\\Kernel->handle()
#50 {main}
"} 
[2024-02-10 15:41:30] production.INFO: {"TPE":"7255424","date":"10\/02\/2024_a_15:41:27","montant":"75EUR","reference":"5K4JZOX6MG","texte-libre":null,"code-retour":"paiement","cvx":"oui","vld":"0827","brand":"AM","numauto":"193898","usage":"inconnu","typecompte":"inconnu","ecard":"non","originecb":"FRA","bincb":"374992XX","hpancb":"52F4C98736428B59C63477B8F0EBA655C1EDF3CD","ipclient":"104.28.42.19","originetr":"FRA","cbmasquee":"374992******008","modepaiement":"CB","authentification":"ewogICAiZGV0YWlscyIgOiB7CiAgICAgICJBUmVzIiA6ICJDIiwKICAgICAgIkNSZXMiIDogIlkiLAogICAgICAibGlhYmlsaXR5U2hpZnQiIDogIlkiLAogICAgICAibWVyY2hhbnRQcmVmZXJlbmNlIiA6ICJub19wcmVmZXJlbmNlIiwKICAgICAgInRyYW5zYWN0aW9uSUQiIDogImJjMThmNTQ5LWNkYmQtNDNiOC1hMmVjLTE5Y2RjMWQxMTU0YiIKICAgfSwKICAgInByb3RvY29sIiA6ICIzRFNlY3VyZSIsCiAgICJzdGF0dXMiIDogImF1dGhlbnRpY2F0ZWQiLAogICAidmVyc2lvbiIgOiAiMi4xLjAiCn0K","MAC":"2741592A8B6CCD59FE2E02118CC71930688F4881"}  
[2024-02-10 17:48:44] production.INFO: {"TPE":"7255424","date":"10\/02\/2024_a_17:48:42","montant":"17EUR","reference":"O762QZG8QV","texte-libre":null,"code-retour":"paiement","cvx":"oui","vld":"0925","brand":"CB","numauto":"110569","usage":"debit","typecompte":"particulier","ecard":"non","originecb":"FRA","bincb":"49704079","hpancb":"E87EB86E2D880B143A0639C5FA445BA64F0ED0F1","ipclient":"89.207.171.90","originetr":"FRA","cbmasquee":"49704079******19","modepaiement":"CB","authentification":"ewogICAiZGV0YWlscyIgOiB7CiAgICAgICJBUmVzIiA6ICJDIiwKICAgICAgIkNSZXMiIDogIlkiLAogICAgICAibGlhYmlsaXR5U2hpZnQiIDogIlkiLAogICAgICAibWVyY2hhbnRQcmVmZXJlbmNlIiA6ICJub19wcmVmZXJlbmNlIiwKICAgICAgInRyYW5zYWN0aW9uSUQiIDogIjgzNGM2ODU5LTI1MTEtNGYzMS05YmU4LWU1NTQ3YjQzODM0YyIKICAgfSwKICAgInByb3RvY29sIiA6ICIzRFNlY3VyZSIsCiAgICJzdGF0dXMiIDogImF1dGhlbnRpY2F0ZWQiLAogICAidmVyc2lvbiIgOiAiMi4xLjAiCn0K","MAC":"FC873D5FB28634504A318E2E0A2847C0B3CE035B"}  
