[2024-02-11 12:00:00] production.INFO: {"TPE":"7255424","date":"11\/02\/2024_a_11:59:59","montant":"75EUR","reference":"R04ENZJ4QY","texte-libre":null,"code-retour":"paiement","cvx":"oui","vld":"0226","brand":"CB","numauto":"156461","usage":"credit","typecompte":"particulier","ecard":"non","originecb":"FRA","bincb":"49776210","hpancb":"0C6DA28F6D8154DED830A5F48B748F8412C72259","ipclient":"88.174.230.185","originetr":"FRA","cbmasquee":"49776210******89","modepaiement":"CB","authentification":"ewogICAiZGV0YWlscyIgOiB7CiAgICAgICJBUmVzIiA6ICJDIiwKICAgICAgIkNSZXMiIDogIlkiLAogICAgICAibGlhYmlsaXR5U2hpZnQiIDogIlkiLAogICAgICAibWVyY2hhbnRQcmVmZXJlbmNlIiA6ICJub19wcmVmZXJlbmNlIiwKICAgICAgInRyYW5zYWN0aW9uSUQiIDogIjMyNmQ4NDBhLTdiYWItNDM0NS1iZTQyLTUxMGJlNDIzNTEyMSIKICAgfSwKICAgInByb3RvY29sIiA6ICIzRFNlY3VyZSIsCiAgICJzdGF0dXMiIDogImF1dGhlbnRpY2F0ZWQiLAogICAidmVyc2lvbiIgOiAiMi4xLjAiCn0K","MAC":"324743D9598FE07EC0D261C94F6C797F8DB86F98"}  
[2024-02-11 12:39:08] production.ERROR: Server error: `GET https://ws.cselignes.com?methode=getcommanddetail&data=%7B%22auth%22:%7B%22id%22:%22PRESENCE%22,%22password%22:%2284IK3DFR%22%7D,%22ref_commande%22:%22T-20240210294093%22%7D` resulted in a `500 Internal Server Error` response {"exception":"[object] (GuzzleHttp\\Exception\\ServerException(code: 500): Server error: `GET https://ws.cselignes.com?methode=getcommanddetail&data=%7B%22auth%22:%7B%22id%22:%22PRESENCE%22,%22password%22:%2284IK3DFR%22%7D,%22ref_commande%22:%22T-20240210294093%22%7D` resulted in a `500 Internal Server Error` response at /home/xhuv4202/boassur/vendor/guzzlehttp/guzzle/src/Exception/RequestException.php:113)
[stacktrace]
#0 /home/xhuv4202/boassur/vendor/guzzlehttp/guzzle/src/Middleware.php(72): GuzzleHttp\\Exception\\RequestException::create()
#1 /home/xhuv4202/boassur/vendor/guzzlehttp/promises/src/Promise.php(209): GuzzleHttp\\Middleware::GuzzleHttp\\{closure}()
#2 /home/xhuv4202/boassur/vendor/guzzlehttp/promises/src/Promise.php(158): GuzzleHttp\\Promise\\Promise::callHandler()
#3 /home/xhuv4202/boassur/vendor/guzzlehttp/promises/src/TaskQueue.php(52): GuzzleHttp\\Promise\\Promise::GuzzleHttp\\Promise\\{closure}()
#4 /home/xhuv4202/boassur/vendor/guzzlehttp/promises/src/Promise.php(251): GuzzleHttp\\Promise\\TaskQueue->run()
#5 /home/xhuv4202/boassur/vendor/guzzlehttp/promises/src/Promise.php(227): GuzzleHttp\\Promise\\Promise->invokeWaitFn()
#6 /home/xhuv4202/boassur/vendor/guzzlehttp/promises/src/Promise.php(272): GuzzleHttp\\Promise\\Promise->waitIfPending()
#7 /home/xhuv4202/boassur/vendor/guzzlehttp/promises/src/Promise.php(229): GuzzleHttp\\Promise\\Promise->invokeWaitList()
#8 /home/xhuv4202/boassur/vendor/guzzlehttp/promises/src/Promise.php(69): GuzzleHttp\\Promise\\Promise->waitIfPending()
#9 /home/xhuv4202/boassur/vendor/guzzlehttp/guzzle/src/Client.php(189): GuzzleHttp\\Promise\\Promise->wait()
#10 /home/xhuv4202/boassur/app/Http/Controllers/Api/CseController.php(34): GuzzleHttp\\Client->request()
#11 /home/xhuv4202/boassur/vendor/laravel/framework/src/Illuminate/Routing/Controller.php(54): App\\Http\\Controllers\\Api\\CseController->voyage()
#12 /home/xhuv4202/boassur/vendor/laravel/framework/src/Illuminate/Routing/ControllerDispatcher.php(43): Illuminate\\Routing\\Controller->callAction()
#13 /home/xhuv4202/boassur/vendor/laravel/framework/src/Illuminate/Routing/Route.php(260): Illuminate\\Routing\\ControllerDispatcher->dispatch()
#14 /home/xhuv4202/boassur/vendor/laravel/framework/src/Illuminate/Routing/Route.php(205): Illuminate\\Routing\\Route->runController()
#15 /home/xhuv4202/boassur/vendor/laravel/framework/src/Illuminate/Routing/Router.php(798): Illuminate\\Routing\\Route->run()
#16 /home/xhuv4202/boassur/vendor/laravel/framework/src/Illuminate/Pipeline/Pipeline.php(141): Illuminate\\Routing\\Router->Illuminate\\Routing\\{closure}()
#17 /home/xhuv4202/boassur/vendor/laravel/framework/src/Illuminate/Routing/Middleware/SubstituteBindings.php(50): Illuminate\\Pipeline\\Pipeline->Illuminate\\Pipeline\\{closure}()
#18 /home/xhuv4202/boassur/vendor/laravel/framework/src/Illuminate/Pipeline/Pipeline.php(180): Illuminate\\Routing\\Middleware\\SubstituteBindings->handle()
#19 /home/xhuv4202/boassur/vendor/laravel/framework/src/Illuminate/Routing/Middleware/ThrottleRequests.php(126): Illuminate\\Pipeline\\Pipeline->Illuminate\\Pipeline\\{closure}()
#20 /home/xhuv4202/boassur/vendor/laravel/framework/src/Illuminate/Routing/Middleware/ThrottleRequests.php(102): Illuminate\\Routing\\Middleware\\ThrottleRequests->handleRequest()
#21 /home/xhuv4202/boassur/vendor/laravel/framework/src/Illuminate/Routing/Middleware/ThrottleRequests.php(54): Illuminate\\Routing\\Middleware\\ThrottleRequests->handleRequestUsingNamedLimiter()
#22 /home/xhuv4202/boassur/vendor/laravel/framework/src/Illuminate/Pipeline/Pipeline.php(180): Illuminate\\Routing\\Middleware\\ThrottleRequests->handle()
#23 /home/xhuv4202/boassur/vendor/laravel/framework/src/Illuminate/Pipeline/Pipeline.php(116): Illuminate\\Pipeline\\Pipeline->Illuminate\\Pipeline\\{closure}()
#24 /home/xhuv4202/boassur/vendor/laravel/framework/src/Illuminate/Routing/Router.php(799): Illuminate\\Pipeline\\Pipeline->then()
#25 /home/xhuv4202/boassur/vendor/laravel/framework/src/Illuminate/Routing/Router.php(776): Illuminate\\Routing\\Router->runRouteWithinStack()
#26 /home/xhuv4202/boassur/vendor/laravel/framework/src/Illuminate/Routing/Router.php(740): Illuminate\\Routing\\Router->runRoute()
#27 /home/xhuv4202/boassur/vendor/laravel/framework/src/Illuminate/Routing/Router.php(729): Illuminate\\Routing\\Router->dispatchToRoute()
#28 /home/xhuv4202/boassur/vendor/laravel/framework/src/Illuminate/Foundation/Http/Kernel.php(190): Illuminate\\Routing\\Router->dispatch()
#29 /home/xhuv4202/boassur/vendor/laravel/framework/src/Illuminate/Pipeline/Pipeline.php(141): Illuminate\\Foundation\\Http\\Kernel->Illuminate\\Foundation\\Http\\{closure}()
#30 /home/xhuv4202/boassur/vendor/livewire/livewire/src/DisableBrowserCache.php(19): Illuminate\\Pipeline\\Pipeline->Illuminate\\Pipeline\\{closure}()
#31 /home/xhuv4202/boassur/vendor/laravel/framework/src/Illuminate/Pipeline/Pipeline.php(180): Livewire\\DisableBrowserCache->handle()
#32 /home/xhuv4202/boassur/vendor/laravel/framework/src/Illuminate/Foundation/Http/Middleware/TransformsRequest.php(21): Illuminate\\Pipeline\\Pipeline->Illuminate\\Pipeline\\{closure}()
#33 /home/xhuv4202/boassur/vendor/laravel/framework/src/Illuminate/Foundation/Http/Middleware/ConvertEmptyStringsToNull.php(31): Illuminate\\Foundation\\Http\\Middleware\\TransformsRequest->handle()
#34 /home/xhuv4202/boassur/vendor/laravel/framework/src/Illuminate/Pipeline/Pipeline.php(180): Illuminate\\Foundation\\Http\\Middleware\\ConvertEmptyStringsToNull->handle()
#35 /home/xhuv4202/boassur/vendor/laravel/framework/src/Illuminate/Foundation/Http/Middleware/TransformsRequest.php(21): Illuminate\\Pipeline\\Pipeline->Illuminate\\Pipeline\\{closure}()
#36 /home/xhuv4202/boassur/vendor/laravel/framework/src/Illuminate/Foundation/Http/Middleware/TrimStrings.php(40): Illuminate\\Foundation\\Http\\Middleware\\TransformsRequest->handle()
#37 /home/xhuv4202/boassur/vendor/laravel/framework/src/Illuminate/Pipeline/Pipeline.php(180): Illuminate\\Foundation\\Http\\Middleware\\TrimStrings->handle()
#38 /home/xhuv4202/boassur/vendor/laravel/framework/src/Illuminate/Foundation/Http/Middleware/ValidatePostSize.php(27): Illuminate\\Pipeline\\Pipeline->Illuminate\\Pipeline\\{closure}()
#39 /home/xhuv4202/boassur/vendor/laravel/framework/src/Illuminate/Pipeline/Pipeline.php(180): Illuminate\\Foundation\\Http\\Middleware\\ValidatePostSize->handle()
#40 /home/xhuv4202/boassur/vendor/laravel/framework/src/Illuminate/Foundation/Http/Middleware/PreventRequestsDuringMaintenance.php(86): Illuminate\\Pipeline\\Pipeline->Illuminate\\Pipeline\\{closure}()
#41 /home/xhuv4202/boassur/vendor/laravel/framework/src/Illuminate/Pipeline/Pipeline.php(180): Illuminate\\Foundation\\Http\\Middleware\\PreventRequestsDuringMaintenance->handle()
#42 /home/xhuv4202/boassur/vendor/fruitcake/laravel-cors/src/HandleCors.php(52): Illuminate\\Pipeline\\Pipeline->Illuminate\\Pipeline\\{closure}()
#43 /home/xhuv4202/boassur/vendor/laravel/framework/src/Illuminate/Pipeline/Pipeline.php(180): Fruitcake\\Cors\\HandleCors->handle()
#44 /home/xhuv4202/boassur/vendor/laravel/framework/src/Illuminate/Http/Middleware/TrustProxies.php(39): Illuminate\\Pipeline\\Pipeline->Illuminate\\Pipeline\\{closure}()
#45 /home/xhuv4202/boassur/vendor/laravel/framework/src/Illuminate/Pipeline/Pipeline.php(180): Illuminate\\Http\\Middleware\\TrustProxies->handle()
#46 /home/xhuv4202/boassur/vendor/laravel/framework/src/Illuminate/Pipeline/Pipeline.php(116): Illuminate\\Pipeline\\Pipeline->Illuminate\\Pipeline\\{closure}()
#47 /home/xhuv4202/boassur/vendor/laravel/framework/src/Illuminate/Foundation/Http/Kernel.php(165): Illuminate\\Pipeline\\Pipeline->then()
#48 /home/xhuv4202/boassur/vendor/laravel/framework/src/Illuminate/Foundation/Http/Kernel.php(134): Illuminate\\Foundation\\Http\\Kernel->sendRequestThroughRouter()
#49 /home/xhuv4202/boassur/public/index.php(52): Illuminate\\Foundation\\Http\\Kernel->handle()
#50 {main}
"} 
[2024-02-11 16:07:35] production.INFO: {"TPE":"7255424","date":"11\/02\/2024_a_16:07:35","montant":"75EUR","reference":"9J87MOP4XR","texte-libre":null,"code-retour":"paiement","cvx":"oui","vld":"0127","brand":"CB","numauto":"754437","usage":"debit","typecompte":"particulier","ecard":"non","originecb":"FRA","bincb":"49720298","hpancb":"60F133B205458B36786322979AE38C1B97A35648","ipclient":"88.123.5.156","originetr":"FRA","cbmasquee":"49720298******74","modepaiement":"CB","authentification":"ewogICAiZGV0YWlscyIgOiB7CiAgICAgICJBUmVzIiA6ICJDIiwKICAgICAgIkNSZXMiIDogIlkiLAogICAgICAibGlhYmlsaXR5U2hpZnQiIDogIlkiLAogICAgICAibWVyY2hhbnRQcmVmZXJlbmNlIiA6ICJub19wcmVmZXJlbmNlIiwKICAgICAgInRyYW5zYWN0aW9uSUQiIDogIjY0ZjQzY2Y4LTY4N2MtNDY3Mi05Y2M0LTRkNDMyNjYxNjRjOSIKICAgfSwKICAgInByb3RvY29sIiA6ICIzRFNlY3VyZSIsCiAgICJzdGF0dXMiIDogImF1dGhlbnRpY2F0ZWQiLAogICAidmVyc2lvbiIgOiAiMi4xLjAiCn0K","MAC":"1B3833B4504FD6FBB2205BA9170CA158D4FAF6A1"}  
