[2024-01-31 09:32:22] production.INFO: {"TPE":"7255424","date":"31\/01\/2024_a_09:32:21","montant":"52EUR","reference":"5K4JZXK6MG","texte-libre":null,"code-retour":"paiement","cvx":"oui","vld":"0226","brand":"CB","numauto":"764499","usage":"debit","typecompte":"particulier","ecard":"non","originecb":"FRA","bincb":"49787403","hpancb":"AACEA48ABB1C00ECCB9460A73777A136CEFC7136","ipclient":"88.127.52.87","originetr":"FRA","cbmasquee":"49787403******17","modepaiement":"CB","authentification":"ewogICAiZGV0YWlscyIgOiB7CiAgICAgICJBUmVzIiA6ICJDIiwKICAgICAgIkNSZXMiIDogIlkiLAogICAgICAibGlhYmlsaXR5U2hpZnQiIDogIlkiLAogICAgICAibWVyY2hhbnRQcmVmZXJlbmNlIiA6ICJub19wcmVmZXJlbmNlIiwKICAgICAgInRyYW5zYWN0aW9uSUQiIDogIjRhOGEyY2U2LTczNTQtNGFiMC1hZTY5LWIxYzAwMzJhOGJlNCIKICAgfSwKICAgInByb3RvY29sIiA6ICIzRFNlY3VyZSIsCiAgICJzdGF0dXMiIDogImF1dGhlbnRpY2F0ZWQiLAogICAidmVyc2lvbiIgOiAiMi4xLjAiCn0K","MAC":"1CDC47D22003588DC02CFC0192BB075CB5126FED"}  
[2024-01-31 09:35:22] production.INFO: {"TPE":"7255424","date":"31\/01\/2024_a_09:35:21","montant":"54EUR","reference":"O762QNO8QV","texte-libre":null,"code-retour":"paiement","cvx":"oui","vld":"0125","brand":"AM","numauto":"180668","usage":"inconnu","typecompte":"inconnu","ecard":"non","originecb":"FRA","bincb":"374994XX","hpancb":"9742445E30A0E61A44BB06E427D5675CE83D42CC","ipclient":"176.188.228.57","originetr":"FRA","cbmasquee":"374994******001","modepaiement":"CB","authentification":"ewogICAiZGV0YWlscyIgOiB7CiAgICAgICJBUmVzIiA6ICJDIiwKICAgICAgIkNSZXMiIDogIlkiLAogICAgICAibGlhYmlsaXR5U2hpZnQiIDogIlkiLAogICAgICAibWVyY2hhbnRQcmVmZXJlbmNlIiA6ICJub19wcmVmZXJlbmNlIiwKICAgICAgInRyYW5zYWN0aW9uSUQiIDogImUzMDdjMDM1LWRkMmMtNDE1My04ODE2LTg1NDEzZDEyYTIwYiIKICAgfSwKICAgInByb3RvY29sIiA6ICIzRFNlY3VyZSIsCiAgICJzdGF0dXMiIDogImF1dGhlbnRpY2F0ZWQiLAogICAidmVyc2lvbiIgOiAiMi4xLjAiCn0K","MAC":"255A7746C751D466ED709FD27B6E6E0162363BC0"}  
[2024-01-31 10:07:51] production.INFO: {"TPE":"7255424","date":"31\/01\/2024_a_10:07:51","montant":"27EUR","reference":"R04ENDK4QY","texte-libre":null,"code-retour":"paiement","cvx":"oui","vld":"0628","brand":"VI","numauto":"914101","usage":"debit","typecompte":"particulier","ecard":"non","originecb":"FRA","bincb":"41653886","hpancb":"8EF5AE0A5120A1BF32E09A2D2661C340B67CC1A1","ipclient":"86.246.126.204","originetr":"FRA","cbmasquee":"41653886******19","modepaiement":"CB","authentification":"ewogICAiZGV0YWlscyIgOiB7CiAgICAgICJBUmVzIiA6ICJZIiwKICAgICAgImxpYWJpbGl0eVNoaWZ0IiA6ICJZIiwKICAgICAgIm1lcmNoYW50UHJlZmVyZW5jZSIgOiAibm9fcHJlZmVyZW5jZSIsCiAgICAgICJ0cmFuc2FjdGlvbklEIiA6ICIzYjgwNGRkYi03ZjlmLTQ1NDUtODI0YS02YjBmNWVjYTYzYzgiCiAgIH0sCiAgICJwcm90b2NvbCIgOiAiM0RTZWN1cmUiLAogICAic3RhdHVzIiA6ICJhdXRoZW50aWNhdGVkIiwKICAgInZlcnNpb24iIDogIjIuMS4wIgp9Cg==","MAC":"4E3F53C827781700F16F32AE81664014E0934ADA"}  
[2024-01-31 10:10:00] production.INFO: {"TPE":"7255424","date":"31\/01\/2024_a_10:10:00","montant":"27EUR","reference":"9J87MDL4XR","texte-libre":null,"code-retour":"paiement","cvx":"oui","vld":"0628","brand":"VI","numauto":"346252","usage":"debit","typecompte":"particulier","ecard":"non","originecb":"FRA","bincb":"41653886","hpancb":"8EF5AE0A5120A1BF32E09A2D2661C340B67CC1A1","ipclient":"86.246.126.204","originetr":"FRA","cbmasquee":"41653886******19","modepaiement":"CB","authentification":"ewogICAiZGV0YWlscyIgOiB7CiAgICAgICJBUmVzIiA6ICJZIiwKICAgICAgImxpYWJpbGl0eVNoaWZ0IiA6ICJZIiwKICAgICAgIm1lcmNoYW50UHJlZmVyZW5jZSIgOiAibm9fcHJlZmVyZW5jZSIsCiAgICAgICJ0cmFuc2FjdGlvbklEIiA6ICJiNzgzNGRjMy1hNDcyLTRmMmQtYjBlYS03ZDNiYjA3ODU3YmQiCiAgIH0sCiAgICJwcm90b2NvbCIgOiAiM0RTZWN1cmUiLAogICAic3RhdHVzIiA6ICJhdXRoZW50aWNhdGVkIiwKICAgInZlcnNpb24iIDogIjIuMS4wIgp9Cg==","MAC":"43B57DF92B6C6077B615DC3EC62EFBF4A5DE304C"}  
[2024-01-31 10:34:55] production.INFO: {"TPE":"7255424","date":"31\/01\/2024_a_10:34:54","montant":"27EUR","reference":"2G4XGVV6O5","texte-libre":null,"code-retour":"paiement","cvx":"oui","vld":"0324","brand":"CB","numauto":"441186","usage":"credit","typecompte":"particulier","ecard":"oui","originecb":"FRA","bincb":"49776806","hpancb":"E1A3BBF514F32F1BFF989D30102D2748BB5A38FF","ipclient":"31.36.24.225","originetr":"FRA","cbmasquee":"49776806******16","modepaiement":"CB","authentification":"ewogICAiZGV0YWlscyIgOiB7CiAgICAgICJBUmVzIiA6ICJBIiwKICAgICAgImxpYWJpbGl0eVNoaWZ0IiA6ICJZIiwKICAgICAgIm1lcmNoYW50UHJlZmVyZW5jZSIgOiAibm9fcHJlZmVyZW5jZSIsCiAgICAgICJ0cmFuc2FjdGlvbklEIiA6ICIwMDNiNGQxNy1iOTM1LTRiZmYtYjg3Ni0wMDFmNzc5ZDAzMTYiCiAgIH0sCiAgICJwcm90b2NvbCIgOiAiM0RTZWN1cmUiLAogICAic3RhdHVzIiA6ICJhdXRoZW50aWNhdGlvbl9hdHRlbXB0ZWQiLAogICAidmVyc2lvbiIgOiAiMi4xLjAiCn0K","MAC":"5F40C895ED950F8579EA116B9CCA5FE3AB6F4DC0"}  
[2024-01-31 11:49:49] production.INFO: {"TPE":"7255424","date":"31\/01\/2024_a_11:49:48","montant":"13EUR","reference":"W2432KN8M3","texte-libre":null,"code-retour":"paiement","cvx":"oui","vld":"0326","brand":"VI","numauto":"132327","usage":"debit","typecompte":"particulier","ecard":"non","originecb":"FRA","bincb":"46334438","hpancb":"392DA467279028AE196AEB25BF3DACB4E06C00AD","ipclient":"84.100.251.57","originetr":"FRA","cbmasquee":"46334438******00","modepaiement":"CB","authentification":"ewogICAiZGV0YWlscyIgOiB7CiAgICAgICJBUmVzIiA6ICJDIiwKICAgICAgIkNSZXMiIDogIlkiLAogICAgICAibGlhYmlsaXR5U2hpZnQiIDogIlkiLAogICAgICAibWVyY2hhbnRQcmVmZXJlbmNlIiA6ICJub19wcmVmZXJlbmNlIiwKICAgICAgInRyYW5zYWN0aW9uSUQiIDogIjM1NzU3NDc3LTgxOTYtNDU1Ny1hYmIyLWEyYzVhM2I5OTYzMCIKICAgfSwKICAgInByb3RvY29sIiA6ICIzRFNlY3VyZSIsCiAgICJzdGF0dXMiIDogImF1dGhlbnRpY2F0ZWQiLAogICAidmVyc2lvbiIgOiAiMi4xLjAiCn0K","MAC":"3D3FAD2EA7E5B63E89AB7C9B55ACF4B229144620"}  
[2024-01-31 12:42:46] production.INFO: {"TPE":"7255424","date":"31\/01\/2024_a_12:42:45","montant":"160EUR","reference":"078R01562W","texte-libre":null,"code-retour":"paiement","cvx":"oui","vld":"1127","brand":"AM","numauto":"168295","usage":"inconnu","typecompte":"inconnu","ecard":"non","originecb":"FRA","bincb":"374998XX","hpancb":"C2DDE4A33496AB1D1A0F5CF6D98E65C6174D6F53","ipclient":"78.197.5.23","originetr":"FRA","cbmasquee":"374998******007","modepaiement":"CB","authentification":"ewogICAiZGV0YWlscyIgOiB7CiAgICAgICJBUmVzIiA6ICJDIiwKICAgICAgIkNSZXMiIDogIlkiLAogICAgICAibGlhYmlsaXR5U2hpZnQiIDogIlkiLAogICAgICAibWVyY2hhbnRQcmVmZXJlbmNlIiA6ICJub19wcmVmZXJlbmNlIiwKICAgICAgInRyYW5zYWN0aW9uSUQiIDogIjYyOWE2MjNlLTM2MmYtNGI5MC05ZDFiLTFmMGVkMDgyYTBmYSIKICAgfSwKICAgInByb3RvY29sIiA6ICIzRFNlY3VyZSIsCiAgICJzdGF0dXMiIDogImF1dGhlbnRpY2F0ZWQiLAogICAidmVyc2lvbiIgOiAiMi4xLjAiCn0K","MAC":"20F74B20D235F94F5108B1AB223C3104A1EBEBA0"}  
[2024-01-31 13:16:34] production.INFO: {"TPE":"7255424","date":"31\/01\/2024_a_13:16:33","montant":"22EUR","reference":"W56GK0W8LD","texte-libre":null,"code-retour":"paiement","cvx":"oui","vld":"0129","brand":"VI","numauto":"DVAT9K","usage":"debit","typecompte":"particulier","ecard":"non","originecb":"FRA","bincb":"41659815","hpancb":"D526FE448C4CCF6E949F686EA3DDE057EAE09992","ipclient":"92.140.65.68","originetr":"FRA","cbmasquee":"41659815******04","modepaiement":"CB","authentification":"ewogICAiZGV0YWlscyIgOiB7CiAgICAgICJBUmVzIiA6ICJZIiwKICAgICAgImxpYWJpbGl0eVNoaWZ0IiA6ICJZIiwKICAgICAgIm1lcmNoYW50UHJlZmVyZW5jZSIgOiAibm9fcHJlZmVyZW5jZSIsCiAgICAgICJ0cmFuc2FjdGlvbklEIiA6ICJiYmNlNWY3My1iN2RhLTQxYjctOTAxYy0zNzg3Nzk1YTBlMjIiCiAgIH0sCiAgICJwcm90b2NvbCIgOiAiM0RTZWN1cmUiLAogICAic3RhdHVzIiA6ICJhdXRoZW50aWNhdGVkIiwKICAgInZlcnNpb24iIDogIjIuMS4wIgp9Cg==","MAC":"75E5A9C310F32713A4D973610C4A8642355A46C3"}  
[2024-01-31 15:24:23] production.ERROR: Server error: `GET https://ws.cselignes.com?methode=getcommanddetail&data=%7B%22auth%22:%7B%22id%22:%22PRESENCE%22,%22password%22:%2284IK3DFR%22%7D,%22ref_commande%22:%22UBG-53573464511565%22%7D` resulted in a `500 Internal Server Error` response {"exception":"[object] (GuzzleHttp\\Exception\\ServerException(code: 500): Server error: `GET https://ws.cselignes.com?methode=getcommanddetail&data=%7B%22auth%22:%7B%22id%22:%22PRESENCE%22,%22password%22:%2284IK3DFR%22%7D,%22ref_commande%22:%22UBG-53573464511565%22%7D` resulted in a `500 Internal Server Error` response at /home/xhuv4202/boassur/vendor/guzzlehttp/guzzle/src/Exception/RequestException.php:113)
[stacktrace]
#0 /home/xhuv4202/boassur/vendor/guzzlehttp/guzzle/src/Middleware.php(72): GuzzleHttp\\Exception\\RequestException::create()
#1 /home/xhuv4202/boassur/vendor/guzzlehttp/promises/src/Promise.php(209): GuzzleHttp\\Middleware::GuzzleHttp\\{closure}()
#2 /home/xhuv4202/boassur/vendor/guzzlehttp/promises/src/Promise.php(158): GuzzleHttp\\Promise\\Promise::callHandler()
#3 /home/xhuv4202/boassur/vendor/guzzlehttp/promises/src/TaskQueue.php(52): GuzzleHttp\\Promise\\Promise::GuzzleHttp\\Promise\\{closure}()
#4 /home/xhuv4202/boassur/vendor/guzzlehttp/promises/src/Promise.php(251): GuzzleHttp\\Promise\\TaskQueue->run()
#5 /home/xhuv4202/boassur/vendor/guzzlehttp/promises/src/Promise.php(227): GuzzleHttp\\Promise\\Promise->invokeWaitFn()
#6 /home/xhuv4202/boassur/vendor/guzzlehttp/promises/src/Promise.php(272): GuzzleHttp\\Promise\\Promise->waitIfPending()
#7 /home/xhuv4202/boassur/vendor/guzzlehttp/promises/src/Promise.php(229): GuzzleHttp\\Promise\\Promise->invokeWaitList()
#8 /home/xhuv4202/boassur/vendor/guzzlehttp/promises/src/Promise.php(69): GuzzleHttp\\Promise\\Promise->waitIfPending()
#9 /home/xhuv4202/boassur/vendor/guzzlehttp/guzzle/src/Client.php(189): GuzzleHttp\\Promise\\Promise->wait()
#10 /home/xhuv4202/boassur/app/Http/Controllers/Api/CseController.php(34): GuzzleHttp\\Client->request()
#11 /home/xhuv4202/boassur/vendor/laravel/framework/src/Illuminate/Routing/Controller.php(54): App\\Http\\Controllers\\Api\\CseController->voyage()
#12 /home/xhuv4202/boassur/vendor/laravel/framework/src/Illuminate/Routing/ControllerDispatcher.php(43): Illuminate\\Routing\\Controller->callAction()
#13 /home/xhuv4202/boassur/vendor/laravel/framework/src/Illuminate/Routing/Route.php(260): Illuminate\\Routing\\ControllerDispatcher->dispatch()
#14 /home/xhuv4202/boassur/vendor/laravel/framework/src/Illuminate/Routing/Route.php(205): Illuminate\\Routing\\Route->runController()
#15 /home/xhuv4202/boassur/vendor/laravel/framework/src/Illuminate/Routing/Router.php(798): Illuminate\\Routing\\Route->run()
#16 /home/xhuv4202/boassur/vendor/laravel/framework/src/Illuminate/Pipeline/Pipeline.php(141): Illuminate\\Routing\\Router->Illuminate\\Routing\\{closure}()
#17 /home/xhuv4202/boassur/vendor/laravel/framework/src/Illuminate/Routing/Middleware/SubstituteBindings.php(50): Illuminate\\Pipeline\\Pipeline->Illuminate\\Pipeline\\{closure}()
#18 /home/xhuv4202/boassur/vendor/laravel/framework/src/Illuminate/Pipeline/Pipeline.php(180): Illuminate\\Routing\\Middleware\\SubstituteBindings->handle()
#19 /home/xhuv4202/boassur/vendor/laravel/framework/src/Illuminate/Routing/Middleware/ThrottleRequests.php(126): Illuminate\\Pipeline\\Pipeline->Illuminate\\Pipeline\\{closure}()
#20 /home/xhuv4202/boassur/vendor/laravel/framework/src/Illuminate/Routing/Middleware/ThrottleRequests.php(102): Illuminate\\Routing\\Middleware\\ThrottleRequests->handleRequest()
#21 /home/xhuv4202/boassur/vendor/laravel/framework/src/Illuminate/Routing/Middleware/ThrottleRequests.php(54): Illuminate\\Routing\\Middleware\\ThrottleRequests->handleRequestUsingNamedLimiter()
#22 /home/xhuv4202/boassur/vendor/laravel/framework/src/Illuminate/Pipeline/Pipeline.php(180): Illuminate\\Routing\\Middleware\\ThrottleRequests->handle()
#23 /home/xhuv4202/boassur/vendor/laravel/framework/src/Illuminate/Pipeline/Pipeline.php(116): Illuminate\\Pipeline\\Pipeline->Illuminate\\Pipeline\\{closure}()
#24 /home/xhuv4202/boassur/vendor/laravel/framework/src/Illuminate/Routing/Router.php(799): Illuminate\\Pipeline\\Pipeline->then()
#25 /home/xhuv4202/boassur/vendor/laravel/framework/src/Illuminate/Routing/Router.php(776): Illuminate\\Routing\\Router->runRouteWithinStack()
#26 /home/xhuv4202/boassur/vendor/laravel/framework/src/Illuminate/Routing/Router.php(740): Illuminate\\Routing\\Router->runRoute()
#27 /home/xhuv4202/boassur/vendor/laravel/framework/src/Illuminate/Routing/Router.php(729): Illuminate\\Routing\\Router->dispatchToRoute()
#28 /home/xhuv4202/boassur/vendor/laravel/framework/src/Illuminate/Foundation/Http/Kernel.php(190): Illuminate\\Routing\\Router->dispatch()
#29 /home/xhuv4202/boassur/vendor/laravel/framework/src/Illuminate/Pipeline/Pipeline.php(141): Illuminate\\Foundation\\Http\\Kernel->Illuminate\\Foundation\\Http\\{closure}()
#30 /home/xhuv4202/boassur/vendor/livewire/livewire/src/DisableBrowserCache.php(19): Illuminate\\Pipeline\\Pipeline->Illuminate\\Pipeline\\{closure}()
#31 /home/xhuv4202/boassur/vendor/laravel/framework/src/Illuminate/Pipeline/Pipeline.php(180): Livewire\\DisableBrowserCache->handle()
#32 /home/xhuv4202/boassur/vendor/laravel/framework/src/Illuminate/Foundation/Http/Middleware/TransformsRequest.php(21): Illuminate\\Pipeline\\Pipeline->Illuminate\\Pipeline\\{closure}()
#33 /home/xhuv4202/boassur/vendor/laravel/framework/src/Illuminate/Foundation/Http/Middleware/ConvertEmptyStringsToNull.php(31): Illuminate\\Foundation\\Http\\Middleware\\TransformsRequest->handle()
#34 /home/xhuv4202/boassur/vendor/laravel/framework/src/Illuminate/Pipeline/Pipeline.php(180): Illuminate\\Foundation\\Http\\Middleware\\ConvertEmptyStringsToNull->handle()
#35 /home/xhuv4202/boassur/vendor/laravel/framework/src/Illuminate/Foundation/Http/Middleware/TransformsRequest.php(21): Illuminate\\Pipeline\\Pipeline->Illuminate\\Pipeline\\{closure}()
#36 /home/xhuv4202/boassur/vendor/laravel/framework/src/Illuminate/Foundation/Http/Middleware/TrimStrings.php(40): Illuminate\\Foundation\\Http\\Middleware\\TransformsRequest->handle()
#37 /home/xhuv4202/boassur/vendor/laravel/framework/src/Illuminate/Pipeline/Pipeline.php(180): Illuminate\\Foundation\\Http\\Middleware\\TrimStrings->handle()
#38 /home/xhuv4202/boassur/vendor/laravel/framework/src/Illuminate/Foundation/Http/Middleware/ValidatePostSize.php(27): Illuminate\\Pipeline\\Pipeline->Illuminate\\Pipeline\\{closure}()
#39 /home/xhuv4202/boassur/vendor/laravel/framework/src/Illuminate/Pipeline/Pipeline.php(180): Illuminate\\Foundation\\Http\\Middleware\\ValidatePostSize->handle()
#40 /home/xhuv4202/boassur/vendor/laravel/framework/src/Illuminate/Foundation/Http/Middleware/PreventRequestsDuringMaintenance.php(86): Illuminate\\Pipeline\\Pipeline->Illuminate\\Pipeline\\{closure}()
#41 /home/xhuv4202/boassur/vendor/laravel/framework/src/Illuminate/Pipeline/Pipeline.php(180): Illuminate\\Foundation\\Http\\Middleware\\PreventRequestsDuringMaintenance->handle()
#42 /home/xhuv4202/boassur/vendor/fruitcake/laravel-cors/src/HandleCors.php(52): Illuminate\\Pipeline\\Pipeline->Illuminate\\Pipeline\\{closure}()
#43 /home/xhuv4202/boassur/vendor/laravel/framework/src/Illuminate/Pipeline/Pipeline.php(180): Fruitcake\\Cors\\HandleCors->handle()
#44 /home/xhuv4202/boassur/vendor/laravel/framework/src/Illuminate/Http/Middleware/TrustProxies.php(39): Illuminate\\Pipeline\\Pipeline->Illuminate\\Pipeline\\{closure}()
#45 /home/xhuv4202/boassur/vendor/laravel/framework/src/Illuminate/Pipeline/Pipeline.php(180): Illuminate\\Http\\Middleware\\TrustProxies->handle()
#46 /home/xhuv4202/boassur/vendor/laravel/framework/src/Illuminate/Pipeline/Pipeline.php(116): Illuminate\\Pipeline\\Pipeline->Illuminate\\Pipeline\\{closure}()
#47 /home/xhuv4202/boassur/vendor/laravel/framework/src/Illuminate/Foundation/Http/Kernel.php(165): Illuminate\\Pipeline\\Pipeline->then()
#48 /home/xhuv4202/boassur/vendor/laravel/framework/src/Illuminate/Foundation/Http/Kernel.php(134): Illuminate\\Foundation\\Http\\Kernel->sendRequestThroughRouter()
#49 /home/xhuv4202/boassur/public/index.php(52): Illuminate\\Foundation\\Http\\Kernel->handle()
#50 {main}
"} 
[2024-01-31 17:49:32] production.INFO: {"TPE":"7255424","date":"31\/01\/2024_a_17:49:31","montant":"65EUR","reference":"L74NPN18ZN","texte-libre":null,"code-retour":"Annulation","cvx":"oui","vld":"0826","brand":"CB","motifrefus":"Refus","motifrefusautorisation":"Refus critique","usage":"debit","typecompte":"particulier","ecard":"non","originecb":"FRA","bincb":"49714414","hpancb":"1736205CAF1CD68995F8DF53BBAD3AC4F1917196","ipclient":"90.25.218.181","originetr":"FRA","cbmasquee":"49714414******68","modepaiement":"CB","authentification":"bnVsbAo=","MAC":"0DF729D2DFFFD3C348283B67DA173BF2C0822008"}  
[2024-01-31 17:49:32] production.ERROR: Callback Monetico MAC {"TPE":"7255424","date":"31/01/2024_a_17:49:31","montant":"65EUR","reference":"L74NPN18ZN","texte-libre":null,"code-retour":"Annulation","cvx":"oui","vld":"0826","brand":"CB","motifrefus":"Refus","motifrefusautorisation":"Refus critique","usage":"debit","typecompte":"particulier","ecard":"non","originecb":"FRA","bincb":"49714414","hpancb":"1736205CAF1CD68995F8DF53BBAD3AC4F1917196","ipclient":"90.25.218.181","originetr":"FRA","cbmasquee":"49714414******68","modepaiement":"CB","authentification":"bnVsbAo=","MAC":"0DF729D2DFFFD3C348283B67DA173BF2C0822008"} 
